1495906913 1872287642 329269661
1495906913 3766569 2261361 3766569 2261361
1495906859 4051001 2232774 4051001 2232774
1495906800 4070127 2200977 4336613 2232774
1495906500 4233178 2184555 4336613 2201144
1495906200 4335639 2214950 4548015 2353779
1495905900 4558904 2358343 5054967 2403847
1495905600 4460790 2335448 4619368 2429127
1495905300 4636863 2415253 4969035 2486194
1495905000 4340081 2246795 4492434 2306352
1495904700 4729660 2195086 5323996 2239482
1495904400 4628508 2229884 4937582 2256445
1495904100 4449756 2233393 4701426 2256445
1495903800 4645769 2186134 4776858 2189815
1495903500 4807490 2190558 5022187 2206081
1495903200 4908330 2191993 5022187 2201154
1495902900 4341222 2172340 4498654 2201457
1495902600 4116015 2177581 4399762 2248227
1495902300 4323600 2239931 4440316 2248227
1495902000 4628148 2249761 5113492 2371536
1495901700 4762941 2132262 4791744 2172012
1495901400 4748252 2179502 4861094 2223946
1495901100 4754963 2166677 4861094 2267073
1495900800 4246370 1712228 4402011 1893282
1495900500 4513115 1441247 4751391 1560353
1495900200 4696717 1640144 4751391 1793065
1495899900 4733199 1776293 4749109 2068270
1495899600 4589562 1270781 4732765 1455905
1495899300 4427614 1014014 4615962 1027210
1495899000 4637585 971198 4827978 1008810
1495898700 4968359 967063 5259348 1069304
1495898400 5084121 1006261 5217005 1057372
1495898100 4649391 932215 4763300 940960
1495897800 4686910 925621 4777354 929034
1495897500 4640596 921697 4777354 991157
1495897200 4542225 963613 4799148 1308585
1495896900 4860533 1641771 5041796 2271550
1495896600 4863583 2143743 5041796 2182748
1495896300 4594931 2203192 4950613 2286116
1495896000 4975005 2260945 5156306 2286116
1495895700 4796357 1911401 4886383 2239347
1495895400 4586631 1201792 5030204 1786345
1495895100 4820259 1767125 5030204 1786345
1495894800 4487011 1719172 4696750 1747187
1495894500 4726753 1729501 4818966 1747187
1495894200 4735102 1755740 4936029 1826880
1495893900 4933735 1797103 5095354 1826880
1495893600 4804607 1770086 4986386 1773173
1495893300 4936553 1781448 5289291 1804118
1495893000 5178715 1778914 5289291 1791717
1495892700 4976377 1780246 5294038 1800381
1495892400 5051067 1713188 5151881 1725463
1495892100 5181817 1711776 5531682 1755511
1495891800 5720699 1736108 6187657 1755511
1495891500 6216354 1736001 6292256 1827641
1495891200 6252759 1805429 6616023 1827641
1495890900 5889509 1756529 5961153 1785364
1495890600 5560085 1685901 5740921 1695838
1495890300 5124025 1680128 5232771 1709408
1495890000 5639976 1705461 6400738 1745518
1495889700 6001032 1753683 6400738 1851748
1495889400 5289236 1669008 5472246 1689813
1495889100 5009518 1625924 5229475 1655760
1495888800 4819374 1668295 4906375 1689707
1495888500 4791159 1685655 4906375 1719706
1495888200 4673403 1613021 4770643 1641649
1495887900 4469629 1541777 4620433 1657272
1495887600 4514059 1681536 4620433 1814973
1495887300 4373876 1921249 4566951 2106909
1495887000 4308251 2074003 4367664 2088168
1495886700 4170973 2062551 4367664 2070499
1495886400 3555399 2037542 3854999 2054343
1495886100 3172631 2073416 3222494 2126809
1495885800 3062556 2081461 3177920 2126809
1495885500 2854464 2051892 2972908 2103143
1495885200 2588835 2005031 2691322 2138103
1495884900 2388291 1630726 2434855 1711338
1495884600 2360536 1499781 2581633 1507942
1495884300 2518132 1475073 2581633 1483905
1495884000 2372152 1490416 2446998 1531712
1495883700 2425206 1520809 2565084 1531712
1495883400 2138104 1472029 2226116 1488445
1495883100 2031447 1446364 2133964 1454144
1495882800 1664427 1364637 1778966 1479579
1495882500 1783917 967918 1914424 1070843
1495882200 1994366 1052276 2144353 1561438
1495881900 2035474 1556103 2110467 1569306
1495881600 1788877 1539720 1880300 1561632
1495881300 1809516 1565164 1832503 1600299
1495881000 1824654 1555265 1973609 1574283
1495880700 1829425 1494265 1973609 1590729
1495880400 1598867 1025738 1647129 1152363
1495880100 1530223 838914 1587989 1032157
1495879800 1534741 1200247 1665885 1514272
1495879500 1488808 1443708 1558928 1452638
1495879200 1538463 1446122 1754516 1486036
1495878900 1564039 1448468 1662688 1462152
1495878600 1545467 1405410 1578241 1422022
1495878300 1495792 1421593 1561117 1551924
1495878000 1424234 1542123 1449469 1562178
1495877700 1331610 1547668 1422503 1556036
1495877400 1429648 1529784 1467734 1552108
1495877100 1415139 1539307 1462407 1552108
1495876800 1487967 1532332 1554390 1550141
1495876500 1595694 1544674 1694083 1569601
1495876200 1545409 1553074 1636557 1556752
1495875900 1501350 1544122 1566845 1552632
1495875600 1527793 1549650 1689259 1566780
1495875300 1579091 1548619 1689259 1566780
1495875000 1481146 1505157 1605601 1542342
1495874700 1636457 1448085 1826567 1542342
1495874400 1605780 1003255 1890047 1111261
1495874100 1917701 956865 2023115 1132797
1495873800 1950787 1112965 2147436 1115049
1495873500 1870661 1128542 2044352 1173897
1495873200 2059394 1145095 2098323 1173897
1495872900 2026788 1112625 2071446 1172456
1495872600 2136966 1173078 2425947 1178502
1495872300 2404755 1122229 2538547 1170089
1495872000 2240237 903314 2330487 955715
1495871700 2156417 752018 2237193 760736
1495871400 2002478 764626 2098794 778521
1495871100 2023944 783709 2086000 930033
1495870800 2013629 948549 2117229 1052001
1495870500 2088394 1077474 2224679 1143094
1495870200 1950829 1158425 2109167 1198136
1495869900 2208886 1175724 2403083 1222617
1495869600 2292911 1217988 2347208 1222617
1495869300 2181390 1191650 2284242 1204602
1495869000 2305224 1181354 2536436 1195305
1495868700 2468273 1192731 2779636 1210049
1495868400 2941813 1213123 3273756 1244223
1495868100 3353436 1180180 3531072 1244223
1495867800 3377239 936287 3443404 1001248
1495867500 3408587 848630 3599178 871164
1495867200 3594528 1004737 3804863 1228909
1495866900 3730131 1180794 3804863 1228909
1495866600 3836623 937930 4107540 1004655
1495866300 3582393 855462 3795849 1073172
1495866000 3605780 1281411 4121804 1648722
1495865700 3549319 1605289 3602534 1617783
1495865400 3473174 1613536 3585036 1658939
1495865100 3474546 1664484 3707728 1676858
1495864800 3599157 1670726 3707728 1678794
1495864500 3498853 1664007 3603617 1678794
1495864200 3692680 1651646 4064182 1668881
1495863900 3634148 1614135 3807467 1724322
1495863600 3731760 1732582 4196842 1748500
1495863300 4334858 1736976 4812807 1744198
1495863000 4832738 1715501 4909715 1739811
1495862700 4888536 1672490 4909715 1680023
1495862400 4854350 1676906 4902194 1729037
1495862100 4690424 1676977 4902194 1698716
1495861800 4295885 1698870 4581129 1708930
1495861500 4593555 1698870 4840400 1723915
1495861200 4940927 1723736 5109799 1732250
1495860900 5097979 1742014 5181482 1791838
1495860600 5025015 1722523 5240567 1750641
1495860300 5179014 1525110 5916733 1681452
1495860000 6006987 1092052 6292605 1140209
1495859700 6188466 1386002 6386818 1797660
1495859400 6327402 1751627 6467545 1788274
1495859100 6162315 1642674 6567576 1682104
1495858800 6680126 1703248 6885755 1741827
1495858500 6901852 1729894 7030577 1766737
1495858200 7089496 1649606 7473275 1658356
1495857900 7571110 1627782 7740611 1629684
1495857600 7565048 1619093 7740611 1623195
1495857300 7122979 1608557 7228532 1628163
1495857000 7241604 1629437 7354728 1642502
1495856700 7095371 1652390 7179500 1679460
1495856400 6872558 1681142 6942537 1698408
1495856100 6861888 1679910 7311791 1714473
1495855800 7307546 1671746 7537041 1677560
1495855500 7452605 1701331 7921236 1782556
1495855200 7396714 1723944 7897487 1733159
1495854900 8136475 1690952 8684559 1695298
1495854600 8322870 1677082 8392315 1703075
1495854300 8099081 1699970 8269984 1709014
1495854000 7291716 1657591 7468857 1681854
1495853700 7344293 1640286 7601044 1682514
1495853400 7533364 1826529 8247266 2491085
1495853100 8139571 2259693 8247266 2491085
1495852800 7952044 2153672 8156654 2669434
1495852500 7592678 1840793 7743899 1931581
1495852200 7693362 1623224 7743899 1725114
1495851900 7804034 1296517 8067009 1413596
1495851600 7910989 1055269 8037012 1128544
1495851300 7742370 1121099 8032104 1858189
1495851000 7911236 1846808 8120433 1858189
1495850700 7269843 1799829 7408910 1801618
1495850400 7015257 1889182 7423242 2270446
1495850100 7528331 1831335 8233305 1836521
1495849800 7177318 1795304 7486758 1823003
1495849500 7318091 1780888 7486758 1875717
1495849200 7188306 1876079 7392769 1903162
1495848900 7078159 1844020 7206962 1872356
1495848600 6500542 1863727 6673924 1889934
1495848300 6623714 1789830 6903141 1812395
1495848000 7138500 1728878 7574201 1755775
1495847700 7070728 1767734 7487168 1796516
1495847400 6284386 1835276 6425404 1899527
1495847100 6065289 1877093 6425404 1899324
1495846800 5456135 1909004 5941364 2026773
1495846500 5817508 1852263 5941364 1874551
1495846200 5938790 1752612 6132598 1765527
1495845900 6282566 1739234 6680238 1750483
1495845600 6284048 1675435 6384641 1725791
1495845300 6414685 1309726 6839997 1480077
1495845000 6832157 1012179 7001266 1044022
1495844700 7081604 1166640 7220778 1478538
1495844400 7420722 1271245 7922369 1303129
1495844100 7633278 1182520 7841440 1246602
1495843800 7910252 1112214 8197677 1168283
1495843500 7737923 1003188 7870829 1018108
1495843200 7093442 957154 7248248 959219
1495842900 6625705 951917 6679671 960107
1495842600 6869350 947011 7283819 959321
1495842300 6952709 940339 7080954 951056
1495842000 6695955 952391 7081268 971827
1495841700 7054708 977490 7180490 1000145
1495841400 6623449 953534 6855408 974707
1495841100 6394078 979287 6629711 1075032
1495840800 6819970 1086359 7155266 1142577
1495840500 6697528 1110500 7155266 1142577
1495840200 5543260 1018671 5785260 1037678
1495839900 5930087 1110702 6379170 1288270
1495839600 5909318 1255571 6179512 1288270
1495839300 6255079 1168938 6416948 1178990
1495839000 6421898 1149031 6858563 1156763
1495838700 6732742 1169881 6858563 1209748
1495838400 6299897 1202775 6566139 1259518
1495838100 5984162 1207414 6141452 1259518
1495837800 5414095 1106969 5425418 1151913
1495837500 5514952 1138005 5903727 1158957
1495837200 6020824 1203495 6501075 1299452
1495836900 6396241 1329963 6501075 1409549
1495836600 6155948 1316824 6255761 1409549
1495836300 5812149 1208983 5896665 1307870
1495836000 6034048 1266459 6622710 1307870
1495835700 6591765 1203082 6960288 1234499
1495835400 6176583 1218411 6578097 1288393
1495835100 6367335 1259727 6578097 1272205
1495834800 5964678 1267348 6267851 1402363
1495834500 6167518 1308683 6283806 1402363
1495834200 6464610 1142228 7320753 1180903
1495833900 7181778 1214968 7320753 1277760
1495833600 6993595 1250093 7413491 1276340
1495833300 7518508 1307502 7790371 1417982
1495833000 7582693 1277062 7790371 1305156
1495832700 6992250 1197817 7287984 1255664
1495832400 7385281 1008283 7901653 1039960
1495832100 7136454 936548 7221054 965431
1495831800 6908513 928684 7472161 1002480
1495831500 6876592 876833 7282108 928155
1495831200 7439000 1023932 8070574 1238316
1495830900 7224102 1145951 7358219 1175143
1495830600 7016664 1178575 7357290 1193529
1495830300 7372270 1131027 7440064 1175769
1495830000 7687006 1134552 8107703 1141577
1495829700 8008376 1132465 8107703 1152146
1495829400 8152757 1120484 8938423 1151628
1495829100 8383368 1059450 9241366 1193411
1495828800 9079478 1094038 9241366 1193411
1495828500 8579692 997024 8688334 1120994
1495828200 8282096 888817 8463710 933823
1495827900 8298656 778480 9062493 868361
1495827600 9379475 935701 9946498 1124723
1495827300 9645582 1205750 9865182 1557704
1495827000 8956160 1160556 9209299 1281882
1495826700 8429026 1107090 8724182 1125765
1495826400 8393525 1106772 9315897 1125765
1495826100 8418616 1165001 8779675 1506101
1495825800 7815939 1047512 7860870 1081893
1495825500 7818492 1116854 8123530 1181288
1495825200 8108272 1151080 9213465 1168693
1495824900 9234560 1088110 9631937 1149259
1495824600 8542277 1142600 8937724 1149259
1495824300 8662210 1041101 8852311 1121088
1495824000 9288669 907817 10549406 912136
1495823700 9520292 909465 9535034 912136
1495823400 9175669 935613 9535034 1100793
1495823100 8763320 978647 10263128 1100793
1495822800 7732737 769280 8038884 824215
1495822500 6969221 781618 7082641 824215
1495822200 6706181 738011 7007044 830115
1495821900 7145400 829791 8041729 931942
1495821600 6929270 787992 7502855 904095
1495821300 6680869 870892 6929538 904095
1495821000 6752298 857052 7548538 955986
1495820700 7515072 835986 7600594 842583
1495820400 7320670 838215 7330731 962056
1495820100 7322066 924801 7484752 962056
1495819800 7310576 825190 7484752 927770
1495819500 6816444 932236 6985224 1030834
1495819200 6951662 980048 7046767 1030834
1495818900 8068378 857969 10350597 864073
1495818600 8853381 878735 9217558 941423
1495818300 7836167 918897 8113415 1001206
1495818000 7358696 987890 7560410 1001206
1495817700 7109517 980617 7686216 1073149
1495817400 6871979 887219 6996968 1013088
1495817100 7050083 983111 7585065 1013088
1495816800 7171878 932817 7585065 970851
1495816500 6451344 937941 7046298 970851
1495816200 6579793 948148 7543259 1028578
1495815900 7617844 986072 8060416 1016720
1495815600 7502112 1033279 7877604 1184373
1495815300 7407303 1173756 7627753 1184373
1495815000 7487614 1111489 7905324 1148828
1495814700 7108888 1017661 7184786 1035591
1495814400 6784211 1032695 6985852 1072179
1495814100 6519270 1017123 7225579 1145512
1495813800 7252287 1104316 7517741 1145512
1495813500 7530348 1149880 7828002 1245767
1495813200 7594100 1261455 7828002 1309751
1495812900 7770462 1334962 9464284 1447767
1495812600 9055060 1436244 9464284 1583874
1495812300 7634597 1142439 8085422 1264608
1495812000 7853554 1081580 8565255 1172252
1495811700 8068252 1120559 8565255 1320271
1495811400 6939038 1161256 7733969 1304105
1495811100 7923248 1195996 9595718 1304105
1495810800 9563351 1034853 9892882 1063694
1495810500 8932639 1001417 9159160 1036156
1495810200 9108058 884528 9883015 937131
1495809900 9477756 965734 9579032 1141366
1495809600 9568843 1073387 9710700 1141366
1495809300 9440134 1012988 10686401 1038374
1495809000 8171834 1097543 8405406 1524058
1495808700 8217317 921217 9091926 1009231
1495808400 8634530 955077 9094378 1019398
1495808100 8610110 992655 9094378 1019398
1495807800 7537923 944696 7689133 1008199
1495807500 7521274 890648 7562939 904584
1495807200 7214594 894471 7444421 907266
1495806900 7044324 916385 7607472 976632
1495806600 7607380 966622 7687939 976632
1495806300 7904065 953609 8762157 979348
1495806000 7882505 949968 8271394 1006934
1495805700 7742504 989346 7921009 1006934
1495805400 7605041 931757 7659215 961586
1495805100 7439008 881158 7746039 917985
1495804800 7868422 861173 9011150 948972
1495804500 7237635 974726 7602465 1031556
1495804200 7582396 1043779 7793649 1119173
1495803900 7285019 1115665 7793649 1129890
1495803600 6632659 1168670 7006261 1246933
1495803300 7170885 1394175 8159167 1692433
1495803000 8138721 1615086 8708161 1708422
1495802700 8333610 1723763 8708161 1896712
1495802400 7951857 1661149 8919054 1862806
1495802100 8045321 1638622 8737649 1732075
1495801800 7860530 1637104 8349780 1705234
1495801500 8538365 1691967 9206841 1705234
1495801200 8221384 1666739 8538789 1745528
1495800900 7920452 1615044 8257168 1636101
1495800600 6673469 1553043 7175046 1609000
1495800300 5371567 1620938 5423667 1734611
1495800000 5129091 1519674 5242266 1556867
1495799700 5010236 1433076 5046518 1477081
1495799400 4956938 1530037 5144744 1660348
1495799100 4771076 1651675 4983699 1660348
1495798800 4319896 1557806 4439356 1640369
1495798500 4341401 1411440 5100183 1420803
1495798200 4848659 1553625 5100183 2004073
1495797900 4192782 1977658 4537369 2004073
1495797600 4076858 1899909 4184710 1912044
1495797300 3737193 1895906 3852195 1944590
1495797000 3567931 1924120 3712981 1940958
1495796700 3424982 1965437 3481219 2090844
1495796400 3381289 1941933 3481219 1963211
1495796100 3084945 1902629 3310899 1940768
1495795800 2783206 1889030 2822891 1903418
1495795500 2760910 1885038 2846907 1903336
1495795200 2969898 1891335 3498507 1907861
1495794900 3287155 1916915 3498507 1948056
1495794600 2905702 1920227 3116594 1948056
1495794300 2438126 1617506 2712348 1811933
1495794000 2815491 1302012 3211650 1327317
1495793700 2539787 1262232 2788284 1316100
1495793400 2482678 1511788 3135356 1953253
1495793100 3005530 1965901 3138211 2006599
1495792800 3031385 1980237 3113898 2034920
1495792500 3053266 2020092 3113898 2034920
1495792200 2937656 2015898 3000967 2025504
1495791900 2752874 2011673 2890939 2016067
1495791600 2703316 2022531 2890939 2051548
1495791300 2428018 1988739 2531629 2017066
1495791000 2568540 1959666 2851673 1969442
1495790700 2767266 1959642 2813907 1969442
1495790400 2594676 1967321 2869776 2011352
1495790100 2883546 1997845 3014084 2011352
1495789800 2948750 1988884 3198794 2050443
1495789500 3105141 1972073 3198794 2003732
1495789200 2922676 2005942 2971806 2028625
1495788900 2687354 2021146 2761301 2028625
1495788600 2811207 1998357 3070121 2017177
1495788300 2684718 2005402 2731919 2017177
1495788000 2611413 1963225 2675600 1979604
1495787700 2447454 1962712 2508309 1979604
1495787400 2358032 1959265 2448015 1988449
1495787100 2474537 1980851 2562261 1993904
1495786800 2523244 1962064 2639770 2017628
1495786500 2596485 1981090 2639770 2017628
1495786200 2551037 1901510 2815312 1972586
1495785900 2878841 1991639 3058641 2024577
1495785600 3031818 2014119 3058641 2022734
1495785300 2788709 1957152 2953269 2020620
1495785000 2338304 1562872 2396382 1725124
1495784700 2265763 1436462 2273699 1784215
1495784400 2257247 1843387 2439040 1977289
1495784100 2658123 1976437 3234555 1992264
1495783800 2944197 1986436 3347385 1998973
1495783500 2734184 1983410 2924961 1998973
1495783200 2177422 1946597 2253926 1950393
1495782900 1990684 1906249 2046650 1938917
1495782600 2098810 1881917 2340360 1967741
1495782300 2208720 1944268 2277416 1967741
1495782000 2358764 1933210 2661899 2000787
1495781700 2553637 1975705 2711419 2000787
1495781400 2650860 1943322 2896429 2032941
1495781100 2686388 2029890 2778190 2049077
1495780800 2792506 1994056 2845123 2001860
1495780500 2788222 1993156 2845123 2019361
1495780200 2830695 2029310 2967197 2096772
1495779900 2828993 2006604 2967197 2031182
1495779600 2603746 1983235 2772062 2095527
1495779300 2845259 2092158 3001638 2154185
1495779000 3151328 2046875 3555761 2089950
1495778700 3383426 2077587 3735458 2106943
1495778400 3445291 2012368 3455765 2034140
1495778100 3476035 2028838 3617117 2082066
1495777800 3748502 2080580 4041362 2160101
1495777500 4001039 2129841 4041362 2160101
1495777200 4016268 2049203 4248158 2096950
1495776900 4041670 2095442 4285236 2103805
1495776600 4623061 2117322 5454099 2146826
1495776300 5582737 2112698 5965850 2133669
1495776000 5715825 2099831 5965850 2122042
1495775700 5177868 2004677 5455385 2122042
1495775400 5483259 1567914 5884357 1614720
1495775100 4983700 1638524 5200176 2057010
1495774800 5039418 2057834 5536561 2067694
1495774500 5581677 2087784 5701988 2205404
1495774200 5756619 2089908 6321243 2096453
1495773900 6582985 2105808 7230461 2168991
1495773600 6525663 2149628 6828569 2162418
1495773300 6085779 2168328 6228817 2226722
1495773000 6577686 2161333 7218012 2213760
1495772700 7284592 2216518 7942834 2236222
1495772400 7835614 2262553 7942834 2307157
1495772100 7812879 2279612 8673982 2305153
1495771800 8667336 2225049 9033487 2236739
1495771500 8354402 2235184 8512819 2321775
1495771200 8761049 2260860 9238199 2274299
1495770900 9036526 2260555 9238199 2293327
1495770600 8903001 2280279 8965825 2293327
1495770300 8510511 2289589 8655593 2323426
1495770000 8604417 2160205 9259971 2323426
1495769700 9244621 1764746 9608380 1955134
1495769400 9092043 2085719 9564298 2328168
1495769100 9425647 2330331 9647158 2372314
1495768800 9482610 2304520 9974753 2338960
1495768500 10045401 2303520 10370019 2341012
1495768200 9728821 2329189 9972169 2342951
1495767900 9442817 2379229 9624585 2444289
1495767600 9550160 2465950 9614942 2546423
1495767300 9449157 2456261 9535536 2461244
1495767000 9336726 2427648 9486717 2472899
1495766700 8899145 2439733 9225028 2472899
1495766400 8997419 2430125 9022372 2524177
1495766100 9025415 2435316 9324855 2465339
1495765800 9442074 2472033 9773742 2489498
1495765500 9419960 2437805 9513233 2477477
1495765200 9344437 2387906 10033537 2449852
1495764900 10028420 2404165 10185270 2411528
1495764600 10016661 2346384 10652119 2374112
1495764300 9874918 2327599 9999759 2361393
1495764000 9840855 2359210 9999759 2367455
1495763700 9560183 2419336 9893751 2561070
1495763400 10064596 2588742 10550896 2655378
1495763100 10188105 2582252 10343451 2616400
1495762800 10282192 2554006 10428943 2678622
1495762500 10634100 2581853 11120664 2625680
1495762200 10684388 2539893 10846088 2564584
1495761900 9873456 2389264 10108239 2474925
1495761600 9376894 1927669 9539135 2182540
1495761300 9296535 1504146 9367891 1520917
1495761000 9498373 1687173 10113007 2226442
1495760700 9419967 2222828 9721677 2264131
1495760400 9499875 2281473 9721677 2316728
1495760100 8914531 2276997 8942206 2305068
1495759800 8699707 2226024 9216680 2273654
1495759500 9338812 2257785 9611812 2273654
1495759200 9663868 2275247 10196627 2355738
1495758900 9338557 2370667 9762156 2422509
1495758600 8442725 2285538 8816213 2422509
1495758300 8675613 1703942 8816213 1780136
1495758000 8610031 1754561 8717713 2072313
1495757700 8970650 1869800 9847968 2072313
1495757400 9768975 1591015 9867610 1702895
1495757100 9267318 1760890 9421102 1909426
1495756800 9246914 1898469 10198207 1909426
1495756500 9594476 1860833 10316753 1872027
1495756200 10378710 1888131 10541441 1929184
1495755900 10454268 1891324 10508068 1902109
1495755600 10496993 1889245 10563596 1967836
1495755300 10290546 1858080 10581345 1858779
1495755000 9057804 1825128 9259811 1855554
1495754700 8590767 1809707 8848496 1829956
1495754400 8293579 1876747 8452920 2052102
1495754100 8701450 1959777 9248967 2052102
1495753800 9128649 1727121 9248967 1781144
1495753500 8556770 1672393 8887192 1867299
1495753200 8287172 1904493 8560991 1998621
1495752900 8566494 1953961 8854417 2003092
1495752600 8310296 2061042 8340439 2197700
1495752300 8235507 2092443 8360711 2122940
1495752000 8117895 1951667 8386400 2077681
1495751700 8046686 1595404 8386400 1650579
1495751400 7546370 1512294 8113744 1556225
1495751100 7694108 1551153 8040588 1594546
1495750800 8050879 1598592 8283663 1670362
1495750500 8609356 1644179 9328791 1694935
1495750200 8771971 1517415 8995233 1542372
1495749900 9058311 1600254 10056520 1723492
1495749600 10295607 1643394 10803231 1725823
1495749300 10743397 1451736 11364493 1470246
1495749000 10857682 1474933 11272058 1630103
1495748700 11130793 1640856 11188699 1826787
1495748400 10849914 1507287 11259457 1534110
1495748100 9818392 1530404 10031520 1595434
1495747800 9608285 1452955 9654222 1517785
1495747500 9538650 1564287 9574625 2045755
1495747200 9223999 1287849 9527479 1347230
1495746900 9176006 1321930 9663488 1347230
1495746600 9300871 1345433 9663488 1385650
1495746300 8739706 1322044 9197817 1384781
1495746000 8915428 1080421 9001408 1115524
1495745700 8990439 1072161 9858436 1189542
1495745400 9859274 1201615 9917121 1227067
1495745100 9609409 1234783 9808138 1262904
1495744800 9158346 1203528 9243145 1233616
1495744500 9429636 1140101 10156641 1188875
1495744200 10204697 1173127 10544944 1188875
1495743900 10546116 1199195 10715361 1282563
1495743600 10267636 1354914 10392345 1668478
1495743300 10551106 1281837 11136931 1347577
1495743000 10893534 1348072 11136931 1378219
1495742700 10204821 1368871 11210107 1410461
1495742400 11309548 1424826 11935616 1558149
1495742100 12206031 1519927 13315266 1558149
1495741800 11975777 1440216 12161431 1481246
1495741500 12153684 1441434 12549467 1525882
1495741200 12381069 1558502 12549467 1616661
1495740900 12654758 1632984 14017870 1690442
1495740600 14119819 1697069 14533081 1732263
1495740300 13597045 1695118 14065516 1776158
1495740000 12698010 1637018 13291185 1677475
1495739700 12304055 1751841 13291185 1929488
1495739400 9893422 1848852 10514823 1961641
1495739100 9849651 1673448 10265915 1813058
1495738800 10297002 1428195 10997028 1470583
1495738500 10422151 1466770 10591149 1474374
1495738200 10444309 1481684 10521135 1589169
1495737900 10152337 1590262 10394190 1691750
1495737600 9668030 1471228 10278534 1497548
1495737300 9369876 1461637 9474555 1655655
1495737000 9561791 1470518 10130606 1514302
1495736700 10002731 1468819 10231945 1528211
1495736400 10217650 1490956 11032747 1528211
1495736100 10956221 1468624 11066379 1498013
1495735800 10980211 1493335 11066379 1498013
1495735500 10517043 1427232 10750357 1496137
1495735200 10621946 1509056 11218021 1632112
1495734900 10972127 1594925 11056418 1632112
1495734600 10657462 1456815 10927263 1495987
1495734300 10230892 1409239 10823892 1547157
1495734000 10915449 1553786 11456926 1630427
1495733700 11078548 1433696 11365754 1503922
1495733400 10513267 1335502 10650918 1404961
1495733100 10124344 1425186 10419968 1465517
1495732800 9798409 1448796 9998206 1465517
1495732500 10075275 1345212 10266743 1382162
1495732200 9858194 1368200 10266743 1396314
1495731900 9264726 1358287 10105694 1405910
1495731600 10447770 1358728 11084712 1405910
1495731300 10975906 1347985 11391070 1389343
1495731000 11439181 1357015 11635117 1512026
1495730700 10815433 1304800 11412707 1368564
1495730400 10113511 1315369 10346313 1344487
1495730100 9800799 1342429 10008828 1451682
1495729800 10210217 1429309 10592053 1451682
1495729500 10558102 1386928 10779949 1410175
1495729200 10165036 1438292 10515603 1498170
1495728900 8880364 1497453 9191483 1504794
1495728600 8878916 1645480 9281815 2295354
1495728300 9088928 1921664 9281815 2295354
1495728000 9244351 1319227 11020161 1467460
1495727700 10844961 1476930 11853684 1553193
1495727400 8982189 1509569 9337918 1553193
1495727100 8877719 1586570 9891703 1654183
1495726200 9309589 1633826 10062968 1894677
1495724400 9091320 1986574 9686617 2479589
1495722600 9281033 2235342 11257863 2497075
1495720800 9137561 2210035 11142677 2460607
1495719000 8093952 1674000 8882567 2209669
1495717200 7719871 1431628 9628358 1906175
1495715400 7258760 1180649 7931788 1401759
1495713600 5706604 909128 7224814 1163140
1495711800 4238664 1081732 4946028 1806072
1495710000 3107767 1482211 4294730 1534059
1495708200 2065773 1330442 2762345 1512768
1495706400 1912140 1365293 2559936 1564059
1495704600 1549741 1020510 2022895 1495315
1495702800 1348810 1447023 1846384 1535254
1495701000 1394297 1502394 1817635 1526489
1495699200 1723259 1528382 2599075 1600209
1495697400 2259079 1553187 2926231 1880204
1495695600 2474389 1789987 3136866 1861316
1495693800 3591335 1777114 3941983 1881594
1495692000 3955309 1779906 4942612 1827353
1495690200 4583181 1818704 5393604 1871568
1495688400 5152794 1531834 6817873 1855799
1495686600 7219167 1877062 8109076 1958940
1495684800 7839085 1962759 8878155 2234924
1495683000 8763295 2223684 9695818 2405796
1495681200 8770447 1932843 9695818 2416387
1495679400 9432589 2160357 10655550 2588087
1495677600 8935326 2112052 10351484 3073197
1495675800 8241081 2158874 8954147 2441145
1495674000 8027438 1665257 9040477 2632635
1495672200 8059956 1916027 9101466 2070148
1495670400 8298335 1450593 9583092 1549355
1495668600 7649685 1450097 8041256 1604689
1495666800 7982900 1608351 8899102 1838602
1495665000 8370731 1696356 9640669 1900309
1495663200 9536272 1389167 10164049 1649874
1495661400 10597679 1511682 12151102 1972013
1495659600 10042461 1344392 11125974 1554775
1495657800 10510101 1313895 11535629 1569150
1495656000 10089302 1210929 11382194 1485585
1495654200 11017222 1418832 11931087 1642456
1495652400 11253127 1482909 11921104 1612791
1495650600 11351801 1297238 12070526 1687331
1495648800 10549932 912342 11867698 1070384
1495647000 9966819 1051837 10477509 1602772
1495645200 10200224 1466103 11552093 1600068
1495643400 9714309 1224516 11154874 1483491
1495641600 8600315 985077 9225362 1243485
1495639800 8028346 1215307 9656132 1320084
1495638000 9212651 1229060 11386700 1379640
1495636200 9052640 1107825 9969037 1481507
1495634400 9115386 1062415 10354557 1199344
1495632600 8022927 1091649 8997587 1195685
1495630800 7507638 1128547 8619507 1344475
1495629000 6305842 1047056 7720164 1116449
1495627200 5105678 996310 5876553 1059047
1495625400 3929379 1519304 4540499 1798468
1495623600 2742901 1531966 3300502 1566863
1495621800 2066896 1529435 2851620 1580745
1495620000 2439596 1323664 3215031 1554751
1495618200 2757820 1397039 3811140 1605749
1495616400 3073625 1540371 3498505 1609814
1495614600 2973170 1587685 3896020 1654258
1495612800 2602182 1591999 3046107 1660780
1495611000 2823296 1615704 3556735 1680788
1495609200 3230198 1709374 3853481 1781722
1495607400 3150925 1681256 4219589 1788355
1495605600 4171568 1743028 5416036 1888847
1495603800 4955428 1616162 5598544 1833148
1495602000 6436060 1669612 6968983 2088313
1495600200 7679083 1717977 8537368 1960982
1495598400 8502632 1752594 9143768 1938339
1495596600 9820472 1633066 11256148 1989578
1495594800 9681999 1944250 10093674 2074416
1495593000 10533901 2088051 12085303 2170545
1495591200 10014088 1946254 11098975 2221936
1495589400 9660213 1953369 10859249 2167768
1495587600 8947427 1973913 9588776 2060810
1495585800 9027823 1129974 9994114 2018552
1495584000 9395642 1059669 9736008 1215203
1495582200 9702377 1261689 10521945 1411474
1495580400 9935755 1433940 10738728 1779638
1495578600 8391982 1430302 10577993 1744483
1495576800 7995360 1331028 8901484 1563095
1495575000 9638002 1470187 10730284 1667191
1495573200 10876932 1299482 12098601 1493365
1495571400 11257136 1208547 12230989 1555514
1495569600 10593668 1301656 11470852 1691473
1495567800 10130369 1287904 11321529 1573637
1495566000 10969690 1458588 13169873 1691903
1495564200 10976439 1346441 12113549 1554462
1495562400 9509278 1318419 10181700 1572608
1495560600 10132189 1210010 11084699 1355668
1495558800 10156122 1122867 10547645 1223245
1495557000 9162684 1036794 10224171 1497165
1495555200 8414109 1071590 9247416 1440881
1495553400 8239037 1077719 9101602 1325106
1495551600 8154896 934742 9004031 1143067
1495549800 8454207 1373991 10033710 1641210
1495548000 8100128 1148987 9662813 1457163
1495546200 8147308 1251047 8713716 1573418
1495544400 7490992 1153591 8768564 1367660
1495542600 6670763 1160803 7621453 1336543
1495540800 5449427 1183626 7077247 1766610
1495539000 4701315 1689863 5568779 1750227
1495537200 3175044 1613208 3569406 1700475
1495535400 2791184 1577997 3320157 1649375
1495533600 2203985 1591141 2605006 1682417
1495531800 1724556 1637588 2238175 1674009
1495530000 1423298 1629754 1613176 1665949
1495528200 1835845 1617801 2216095 1660993
1495526400 1983531 1635204 2187429 1856160
1495524600 2510516 1616210 3281861 1742284
1495522800 2491718 1651058 2877755 1925540
1495521000 2999505 1612904 4273407 1786756
1495519200 3884848 1670517 4686842 1783728
1495517400 4967598 1755927 5522511 1817340
1495515600 5139119 1188112 6998086 1778892
1495513800 7588953 1578476 8061675 1778892
1495512000 8203209 1555276 8668108 1843688
1495510200 9308998 1955864 10504227 2057723
1495508400 10656256 2052714 11239199 2185108
1495506600 10988967 1420779 12012165 2126527
1495504800 10296973 1526017 11308613 2021299
1495503000 8488102 1922356 9577010 1988325
1495501200 8570670 1802535 9038394 2044849
1495499400 9167037 1012381 10025726 1218569
1495497600 8303907 986240 9978317 1495341
1495495800 8182541 1595324 8883657 1874713
1495494000 8073745 1606019 9137808 1814163
1495492200 8359295 1638227 9500512 1807829
1495490400 8116013 1720479 9071202 1984586
1495488600 8484541 1429400 9425554 1624224
1495486800 9381957 1489242 10771423 1655518
1495485000 11463879 1698265 12753734 1845369
1495483200 10545369 1464304 11225214 1677680
1495481400 10793589 1254070 11456343 1568117
1495479600 10891482 1183956 12175201 1268055
1495477800 9904629 1038349 11412799 1237342
1495476000 9776611 987731 10433799 1165226
1495474200 10694720 1169552 11353850 1460621
1495472400 9010581 1105431 10291233 1469726
1495470600 8163165 1415763 9457506 1763404
1495468800 8543101 1661883 9358153 1958123
1495467000 8396091 1691431 9310693 1964821
1495465200 8682633 1509772 9312169 1866317
1495463400 8233303 1262751 9355490 1430006
1495461600 8480522 1339429 10009204 1563324
1495459800 7674238 1471314 8300719 1691997
1495458000 6995212 1432969 7715914 1574419
1495456200 6774617 1246392 8137563 1382911
1495454400 4910689 892068 6109974 1039755
1495452600 3118200 829163 4085600 1005110
1495450800 2068806 717679 2459964 855933
1495449000 1499212 656813 1649102 682576
1495447200 1566915 670989 1965995 703043
1495445400 1714144 646884 2007089 703043
1495443600 1484552 644808 1659958 674505
1495441800 1714476 664283 1963099 735841
1495440000 1709420 684449 2060467 735841
1495438200 2391750 682072 3134681 773693
1495436400 2825775 686424 3383882 741387
1495434600 3474361 707109 4274056 779667
1495432800 4066967 758276 4761125 837391
1495431000 4767477 722987 5384281 769865
1495429200 5630532 744341 6724940 818318
1495427400 7361088 988040 8141809 1433129
1495425600 8414229 1290115 9416484 1658656
1495423800 10192163 1219805 11148211 1430124
1495422000 12119343 1261718 13483099 1360185
1495420200 10766749 1042343 12146320 1206716
1495418400 10062906 1038393 10726714 1154393
1495416600 10175832 1114402 11038357 1169533
1495414800 10923304 1207460 11802112 1253173
1495413000 10503318 1105811 11034318 1899189
1495411200 10426355 2172586 11330064 2380451
1495409400 9970550 2343694 10564306 2575421
1495407600 9217935 2282008 9920904 2417790
1495405800 8890793 2159665 9421402 2258796
1495404000 9004431 2240457 9730424 2478020
1495402200 9339723 2361249 10294478 2461619
1495400400 9779377 2309390 11138018 2431938
1495398600 9433972 2331207 10180117 2523827
1495396800 8626627 2273278 9799814 2439570
1495395000 7105034 2379730 8007908 2529155
1495393200 6291962 2341014 8056362 2429075
1495391400 6268980 2257859 7021474 2471820
1495389600 6734355 2248134 7752716 2360687
1495387800 7724638 2390350 8339452 2579595
1495386000 7707110 2420702 8288877 2531937
1495384200 7520793 2349359 8288877 2428767
1495382400 7766192 2350394 8686673 2574096
1495380600 7200638 2193097 8045667 2316318
1495378800 7518715 2259529 8095840 2294448
1495377000 6988798 2286185 8275584 2437095
1495375200 7123254 2337424 7518225 2519770
1495373400 5903905 2379116 6717425 2466118
1495371600 5002257 2239435 5890610 2464623
1495369800 4188429 1124029 4705939 2130187
1495368000 2956764 1544953 3900894 1948604
1495366200 2012602 1697777 2444095 1942216
1495364400 1868515 1951140 2380615 2030155
1495362600 1737039 2009413 2064470 2191833
1495360800 1666259 2027430 2113447 2064080
1495359000 1685905 1989199 2032362 2069907
1495357200 1790827 2032333 2130883 2103874
1495355400 2246616 2025371 2528077 2067880
1495353600 2236454 2028226 2765672 2078808
1495351800 2475511 2049469 3257276 2107045
1495350000 2929377 2033525 3273342 2113133
1495348200 3765120 2071581 4644170 2134737
1495346400 5587568 2112397 6716790 2254887
1495344600 6852719 2180455 7383059 2254887
1495342800 7654452 2360520 8796957 2541650
1495341000 8594327 2175066 9806203 2305671
1495339200 10048481 2183539 10614328 2494006
1495337400 11269439 2327490 12495525 2437578
1495335600 11697300 2193476 13486111 2371681
1495333800 11749445 2208120 13229752 2277862
1495332000 10987069 2216830 11828196 2369047
1495330200 10923700 2203973 11679316 2357034
1495328400 10463984 2106898 11223401 2326620
1495326600 8862877 1827947 9897046 2002617
1495324800 8817755 1920027 9319594 2057232
1495323000 7666535 1890321 8558311 1984996
1495321200 8574219 1992882 9256299 2126262
1495319400 8204837 1902564 9270011 2002241
1495317600 7668422 2144703 8327351 2319643
1495315800 7806607 2274266 8405434 2488608
1495314000 8496867 2323876 9014945 2463468
1495312200 8292996 2229279 9035778 2462777
1495310400 7912820 2126253 8615156 2178846
1495308600 8076402 2198056 8702191 2279669
1495306800 7652316 2047195 8983308 2208732
1495305000 6774770 2023317 7697685 2105297
1495303200 6178705 2031816 7346790 2209872
1495301400 5360588 1999764 5907210 2232151
1495299600 5526347 2058847 6423113 2142816
1495297800 6202422 2112161 6937464 2270769
1495296000 6948841 2034416 7659066 2158042
1495294200 7648734 1981198 8453722 2061762
1495292400 7379170 2051054 8253394 2353575
1495290600 7883612 2026243 8784937 2188435
1495288800 6386199 1632336 6819558 2057510
1495287000 6227243 892119 6819558 1272800
1495285200 5908048 928121 6852893 1127844
1495283400 4151693 834250 5121230 914535
1495281600 2423357 1300516 3587846 1908137
1495279800 2094050 1748769 2462452 1908137
1495278000 2073049 1463718 2280492 1501771
1495276200 2015206 1440574 2134507 1472761
1495274400 2086754 1469811 2522887 1534263
1495272600 2308140 1510777 2781550 1586952
1495270800 1972244 1496617 2440858 1566275
1495269000 2023537 1511713 2275515 1553774
1495267200 2501962 1509794 3005071 1549083
1495265400 3087306 1565300 3433913 1628376
1495263600 3462462 1678019 4136180 1868373
1495261800 4708588 1739630 5649330 1907937
1495260000 4439606 1889528 5114816 2337172
1495258200 5509452 1676482 7571788 2050985
1495256400 6627917 1718690 7375183 1753261
1495254600 8159856 1803385 8764261 1951674
1495252800 8219744 1840677 8824532 2011280
1495251000 9435273 1757462 11171147 1842744
1495249200 10718952 1786880 12215547 1918568
1495247400 10704512 1920683 11152570 2040912
1495245600 9579163 1929526 11156050 2121857
1495243800 8289164 1972026 9252563 2121857
1495242000 9691582 1908536 10439388 2253511
1495240200 8720593 1475838 9929560 1668169
1495238400 7536590 1147654 8097719 1282944
1495236600 7604503 1228500 8594403 1327730
1495234800 8158681 1240193 9342801 1307089
1495233000 8220731 1478854 9607294 1952895
1495231200 7967972 1367982 8492960 1517672
1495229400 7720231 1392669 8492960 1915112
1495227600 7711236 1018579 9710204 1371330
1495225800 9441100 1021067 10534663 1377825
1495224000 9748050 1120629 10379699 1377825
1495222200 9469704 950033 10059038 1093437
1495220400 9067305 1038992 10318808 1558879
1495218600 8420698 893510 10057348 1016953
1495216800 8367463 893012 9228728 1001094
1495215000 7569875 1156548 8479880 1767090
1495213200 7885304 1345217 8876116 1594069
1495211400 8432033 1382315 8694381 1525469
1495209600 8682365 1489565 9914869 1670469
1495207800 8347605 1496824 8998159 1599016
1495206000 7705872 1380927 8378368 1482878
1495204200 7665313 1072780 8394040 1276556
1495202400 7691935 1005302 8473365 1276556
1495200600 8239858 820296 9811570 1244765
1495198800 8255864 952034 10090293 1282266
1495197000 7154400 895131 8375893 1212156
1495195200 3953716 861560 5401049 959758
1495193400 3599069 983354 4441102 1166973
1495191600 2624482 1279638 3509312 1318536
1495189800 2136541 1265892 2477843 1318435
1495188000 1873512 1217501 3035178 1308376
1495186200 2119608 1237630 2690282 1335841
1495184400 1993245 1232325 2476257 1277835
1495182600 1659133 1233458 1862838 1273852
1495180800 2052477 1261455 2520096 1292113
1495179000 2066968 1267389 2936912 1316193
1495177200 2884939 1250357 3444631 1304303
1495175400 3035289 1272475 4090388 1329130
1495173600 4292281 1387533 4777854 1497632
1495171800 5540103 1307761 6427134 1399161
1495170000 7057172 1286527 7810269 1385738
1495168200 7194921 1331824 7555881 1483823
1495166400 7969871 1397734 8761549 1606978
1495164600 8262995 1410229 9532491 1489707
1495162800 9289727 1479067 9848764 2141422
1495161000 9761463 1576576 10205255 1860928
1495159200 8783265 1406289 9912020 1542159
1495157400 8222032 1251013 9035997 1589503
1495155600 8407791 1067833 8873221 1535133
1495153800 7650846 873979 8344217 1000130
1495152000 7580046 932252 8289667 990477
1495150200 8880571 1231949 9606187 1356375
1495148400 9214237 1295715 9947688 1370592
1495146600 9151296 1390603 10311650 1531266
1495144800 10303770 1297080 11096170 1419816
1495143000 9934303 1440184 10753838 1783709
1495141200 9717404 1276086 10613797 1505673
1495139400 9370142 1302989 10384510 1354549
1495137600 10515037 1434939 11124678 1571661
1495135800 10611948 1358037 11356189 1603640
1495134000 10388339 1482349 11512754 2054562
1495132200 9022283 1260768 9925668 1296439
1495130400 8006707 1261128 9249179 1391151
1495128600 8755116 1224017 9557376 1335919
1495126800 8798175 1406234 10831810 1486637
1495125000 9278901 1366764 11128879 1495794
1495123200 9485349 1658458 10277691 1834091
1495121400 8719848 1451356 9944821 1692874
1495119600 9977381 1604569 11018496 1906185
1495117800 7757016 1267747 10563104 1392986
1495116000 7686810 1569251 8373748 1808984
1495114200 6879491 1380871 7693645 1808984
1495112400 6203679 1284310 7087752 1505551
1495110600 4736098 969923 6345750 1206514
1495108800 2882123 913385 4553214 1089116
1495107000 1545485 927074 2040946 1102651
1495105200 1077048 1124869 1359467 1208800
1495103400 1102930 1164667 1434439 1178372
1495101600 1185726 1152445 1805018 1225038
1495099800 1424306 1122929 1962909 1261981
1495098000 1295285 1119467 1999281 1197892
1495096200 1698706 1179969 2271472 1217980
1495094400 1481186 1157511 2116955 1209264
1495092600 1421725 1153563 2116955 1221924
1495090800 1719003 1139936 1951213 1352879
1495089000 1722191 1286423 2584834 1326401
1495087200 2853225 1306425 3696816 1466013
1495085400 4050563 1131680 4744391 1519676
1495083600 4215098 925322 5197449 1519676
1495081800 4293193 782250 4677101 886409
1495080000 5193938 849213 5745901 999690
1495078200 4994267 896463 5701911 1028333
1495076400 6129481 950941 6836396 1047527
1495074600 6668164 924903 7437505 993549
1495072800 7582713 1012606 7890141 1166071
1495071000 6862240 969530 7441244 1027898
1495069200 5949030 1018254 6526722 1167660
1495067400 5372612 1005622 5926957 1365185
1495065600 5463114 1071134 6020112 1144562
1495063800 5987327 1047456 6577790 1160470
1495062000 5519648 1047207 6094939 1394498
1495060200 4461868 1265451 5266096 1472983
1495058400 6022587 1303436 7126082 1432720
1495056600 7510763 1687513 11142360 3055745
1495054800 7031718 1280172 8238636 1692435
1495053000 9266724 1733318 19684920 3726332
1495051200 8642686 1677297 15300673 3728059
1495049400 7302068 1327147 8981003 1743121
1495047600 8802411 1665685 10095074 1793787
1495045800 7249945 1598368 8612731 1830122
1495044000 6046913 1553216 6988072 1776632
1495042200 6081178 1374406 7422436 1746942
1495040400 6166771 1482126 7645355 1640678
1495038600 5836868 1362449 6698408 1671121
1495036800 6851363 1348886 7202786 1562611
1495035000 7414335 1461936 8063027 1659225
1495033200 6931491 1349455 7468606 1437327
1495031400 6317799 1387062 7196719 1759410
1495029600 6262371 1532895 7993210 1887784
1495027800 5848632 1526426 6546451 2211579
1495026000 5626473 1533167 6870586 1706906
1495024200 5049772 1251186 6651342 1333428
1495022400 3565183 1076882 4536082 1301569
1495020600 2288672 1194201 2762899 1343096
1495018800 1896231 1405192 2317459 1496802
1495017000 1821053 1570413 2102421 1618065
1495015200 1549481 1563507 1657626 1588098
1495013400 1397046 1542574 1712735 1565815
1495011600 1211739 1524903 1752601 1566620
1495009800 1164041 1527724 1359672 1568028
1495008000 1214291 1583400 1681931 1684701
1495006200 1596670 1587887 2051155 1616589
1495004400 2187927 1593854 2717263 1639292
1495002600 2255406 1633495 2542631 1667009
1495000800 3302508 1610441 4380669 1703534
1494999000 3889306 1509492 4265518 1595244
1494997200 4182928 1532013 4681741 1780433
1494995400 4530006 1557278 5420157 1636444
1494993600 5104379 1706028 5521778 2039358
1494991800 5365854 1568600 6391742 1793581
1494990000 5714932 1785486 6099042 1986826
1494988200 5738243 1637052 6252693 1916289
1494986400 6303358 1568333 6731263 2021543
1494984600 5864343 1492375 6487157 1779224
1494982800 5439353 1704110 6665553 1783018
1494981000 5784017 1501595 7284859 1809554
1494979200 5745430 958500 6620012 1557432
1494977400 5375236 913147 6036819 964955
1494975600 5745886 968874 6250754 1060242
1494973800 5972546 1067727 6526135 1477169
1494972000 6013922 1408671 7008038 1630700
1494970200 6521375 1643163 7217475 1817209
1494968400 6700168 1607453 7214837 1985649
1494966600 7182680 1702569 7799749 1875985
1494964800 7526666 1484709 8283493 1741375
1494963000 7224444 1264556 9075465 1400612
1494961200 6937669 1101623 9075465 1668224
1494959400 7070071 1696449 8384507 1888549
1494957600 6652327 1705480 7158505 1992785
1494955800 6664005 1560838 8993053 1790714
1494954000 6634405 1693584 7528047 2132858
1494952200 6969799 1756053 8222739 2039985
1494950400 6626322 1790871 7546075 2006962
1494948600 6715216 1622243 7308102 1709869
1494946800 6297669 1647909 7529302 1818345
1494945000 6601384 1626521 7797448 1755780
1494943200 7155334 1793272 7830015 2066863
1494941400 7096807 1882744 9234134 2116453
1494939600 6000120 1588209 6706698 1998926
1494937800 4193370 1344317 5119530 1661750
1494936000 3152261 1121977 3883548 1250663
1494934200 2544228 1452248 3021166 1747922
1494932400 1819182 1562897 2329630 1849429
1494930600 1686881 1719748 2433722 1804729
1494928800 1156267 1766074 1704563 1825040
1494927000 1504640 1762950 2122192 1789535
1494925200 1425994 1701268 1719334 1737059
1494923400 1520084 1686631 1974670 1751491
1494921600 1762363 1709517 2487888 1750992
1494919800 1374287 1726342 2110839 1803261
1494918000 2095180 1746004 2389335 1923670
1494916200 3224676 1823270 3930003 2138121
1494914400 4342096 1774004 5309863 1824941
1494912600 4012227 1532114 4577735 1773517
1494910800 4469060 1715798 4904409 1809514
1494909000 4845465 1790491 5089414 1941478
1494907200 4838878 2049831 5420493 2203248
1494905400 6012490 1972387 7397924 2082157
1494903600 6794814 2014206 7188310 2135879
1494901800 7214397 2133977 7818920 2242810
1494900000 7467578 2072861 7719530 2201762
1494898200 7250559 1844103 7995599 2163758
1494896400 6286243 2038756 6810060 2125415
1494894600 5684990 1652829 6461557 2082578
1494892800 5330432 1189621 5840515 1362954
1494891000 5992181 1355250 8418124 1564282
1494889200 6752181 1300363 7065335 1439213
1494887400 7314051 1516768 8473762 1997490
1494885600 6784005 1874776 7918892 2163719
1494883800 7757154 1745790 8537057 1858058
1494882000 7531752 1619691 7914832 1897410
1494880200 7378064 1565147 8870260 1729897
1494878400 7796242 1731868 8734063 2080476
1494876600 7449551 1531878 7755289 1768921
1494874800 6959880 1246482 7594800 1669613
1494873000 6310001 1207184 7386446 1525874
1494871200 4862338 980449 6833534 1507443
1494869400 4153385 1020778 6689687 2135293
1494867600 5902060 1836715 6431548 2068279
1494865800 5634989 1945737 6190721 2196583
1494864000 6066284 1799068 7515956 1979237
1494862200 6839271 1830368 8168982 1996655
1494860400 7181209 1673280 8194898 1930540
1494858600 6982601 2145883 7838643 3846554
1494856800 6391247 3330758 7328518 3846554
1494855000 5847653 2583715 7739342 3063568
1494853200 4783244 3027928 5685577 5305301
1494851400 4929274 1954209 5311340 2047548
1494849600 4652263 1769071 5746727 1871396
1494847800 3788300 1712436 4861479 1817438
1494846000 2786878 1693726 3446031 1826709
1494844200 2469845 1783145 2947768 1862647
1494842400 2109756 1740559 2719479 1783830
1494840600 1837020 1706622 2113588 1743867
1494838800 1935442 1722032 2152561 1768271
1494837000 1660285 1716644 1833828 1766190
1494835200 1987960 1725884 2320180 1796126
1494833400 2364912 1750347 2952036 1808323
1494831600 3275901 1754899 3559561 1789508
1494829800 3260863 1740198 3703799 1800559
1494828000 3694328 1809920 4060440 1866257
1494826200 3973784 1771341 4668988 1819290
1494824400 4215280 1780149 4875821 1874057
1494822600 5165771 1831183 5810868 1986390
1494820800 5388232 1940878 6481913 2300860
1494819000 7236626 1860842 8274509 1949896
1494817200 8527233 1965515 9552107 2181933
1494815400 8604572 2020908 9139448 2114855
1494813600 8484825 2058003 9076420 2198100
1494811800 7617548 2002617 8663883 2119036
1494810000 6852804 1942688 7802237 1999480
1494808200 6996813 1860860 7626195 1938541
1494806400 6329623 1833029 6925383 1953901
1494804600 6005616 1848164 6819632 1988180
1494802800 5622154 1823260 6203639 1968813
1494801000 5108116 1844491 5718873 1965984
1494799200 5191126 1970410 5762560 2166158
1494797400 5469386 2105703 6028389 2235645
1494795600 6273216 2045309 6807307 2221996
1494793800 6037691 2147145 6365275 2284589
1494792000 6268554 2279626 6793235 2343459
1494790200 5683554 2106351 5849747 2222418
1494788400 5195359 2057393 5707727 2248728
1494786600 5371543 2009317 6136085 2069740
1494784800 4473568 2035861 4868515 2252101
1494783000 5064621 2085911 5804992 2219438
1494781200 5366334 2218117 5955031 2392115
1494779400 5135840 2112964 5803100 2256914
1494777600 5594691 2014143 5988155 2280286
1494775800 5181976 1989117 6596322 2106885
1494774000 6066673 2049639 6596322 2106885
1494772200 6433168 2090087 7230147 2309514
1494770400 6035829 2124467 6909206 2227691
1494768600 5937712 2307395 6373722 2527957
1494766800 6230662 2272852 6848293 3009148
1494765000 5070271 2015434 5946786 2069047
1494763200 4450318 2018461 5437968 2103312
1494761400 3434473 1872729 3763808 1952409
1494759600 2913541 1836081 3949298 1892873
1494757800 2318747 1764016 2701844 1793355
1494756000 2272471 1790385 2596608 1828808
1494754200 2090692 1766862 2380795 1811121
1494752400 2220254 1738983 2395461 1784069
1494750600 2267813 1784897 2598859 1833522
1494748800 2635920 1809086 3399174 1904828
1494747000 2476320 1783654 2744439 1966609
1494745200 2875317 1837186 3133077 1975537
1494743400 3048980 1724246 3811455 1873875
1494741600 4076188 1836383 4650968 1885082
1494739800 5206914 1819334 6181873 1879544
1494738000 5626744 1822652 6240596 1976379
1494736200 7158065 1927116 8424809 2043747
1494734400 8431851 1981113 9359181 2040336
1494732600 8692115 2005180 9359181 2082273
1494730800 8483850 2031777 8963560 2115118
1494729000 8046975 1980803 9161607 2045586
1494727200 8992890 2027116 9473636 2079479
1494725400 7503066 2011018 8101954 2090653
1494723600 6532207 1973726 7298357 2125342
1494721800 6185288 2021606 6716616 2112488
1494720000 6056399 2031869 6533525 2661436
1494718200 6215546 2283227 6887431 2425231
1494716400 5731882 2384853 6541686 2453249
1494714600 6862016 2459982 7596661 2590562
1494712800 6267689 2544555 6686365 2609446
1494711000 5648334 2597844 6332891 2751689
1494709200 5230050 2376778 6212264 2533534
1494707400 6245410 1773588 6654129 2241526
1494705600 5863999 2144812 6456927 2239196
1494703800 5342954 2223587 5772056 2343481
1494702000 5270744 2164680 5920166 2256498
1494700200 5698783 2216332 6135174 2317048
1494698400 4976935 2261476 5293961 2311840
1494696600 4449627 2242367 4974068 2542932
1494694800 3921339 2242447 4859788 2443126
1494693000 4352199 2212190 4569896 2268823
1494691200 4365155 2301955 4761386 2597516
1494689400 5169834 2282369 5800072 2448292
1494687600 5122281 2236767 6321965 2353110
1494685800 5552985 2207103 6338932 2291370
1494684000 6180777 2345188 6646988 2482286
1494682200 5773680 2261833 6300155 2428358
1494680400 5386661 2343091 5868868 3179658
1494678600 4697663 2137163 5126692 2341763
1494676800 3767233 2121209 4256591 2195205
1494675000 3570549 2010488 4467894 2122735
1494673200 1373020 1814822 2036601 1929962
1494671400 1014448 1783228 1342473 1929962
1494669600 1208654 1781504 1708168 1839414
1494667800 1400497 1826747 1690623 1921611
1494666000 1205075 1837581 1308029 1902852
1494664200 1611570 1875344 2185877 1919532
1494662400 2151414 1826617 2595340 1879418
1494660600 2361659 1902804 2747407 1962473
1494658800 2263640 1944736 2769192 2094947
1494657000 2339929 1962466 3010870 2044998
1494655200 3137920 1915826 3598659 2013468
1494653400 3319401 1905720 3992178 2047690
1494651600 3319484 2034357 3982325 2094111
1494649800 4655442 2055274 5490056 2176244
1494648000 5506828 2119700 5957111 2185040
1494646200 6569625 1951361 7489473 2131293
1494640800 5493392 1985130 6802267 2266909
1494633600 4828887 1266915 6285826 2021942
1494626400 3024996 1315369 5021736 1711552
1494619200 3965828 1534623 5897224 1776413
1494612000 3757551 1667518 6906565 2534047
1494604800 4726274 1533812 6569729 1961834
1494597600 5436893 1767256 6630389 2205561
1494590400 3522992 1598238 5744692 1934639
1494583200 1298259 2097271 1872178 2223971
1494576000 1319349 2130643 2210116 2423267
1494568800 2698567 2203403 4438288 2472307
1494561600 5242499 2072569 6318293 2518798
1494554400 6079150 1915946 7384017 2518798
1494547200 6158644 1574416 7223434 2328635
1494540000 6780688 1234861 7794018 2005231
1494532800 7151191 1262002 8909760 1526045
1494525600 7083367 1291794 8696320 2104053
1494518400 6924717 1374008 8998350 1811025
1494511200 5552505 1370051 6792861 1748244
1494504000 3515639 1438071 5197501 1930512
1494496800 1677786 1798143 2619392 1938140
1494489600 1681481 1908890 2677420 2203944
1494482400 3193637 1917837 3935490 2258128
1494475200 4381225 2006650 5719572 2230941
1494468000 5540371 1884020 6385013 2399025
1494460800 5193967 1504087 6701143 2218674
1494453600 5301456 1289644 6609878 1532524
1494446400 7181019 1505510 25701249 14886247
1494439200 6121375 1363423 8608372 1886656
1494432000 5159197 1467027 8196347 2294490
1494424800 5241403 1390773 6213244 2465312
1494417600 4826851 1287068 6982510 1760557
1494410400 2186675 1727219 2836418 1833039
1494403200 2164698 1751105 3245372 1879832
1494396000 3446658 2027102 5369581 2243267
1494388800 5720928 1951036 6850388 2379830
1494381600 4987116 1844602 6001570 2289527
1494374400 4888808 2257498 5774285 2687369
1494367200 5689268 1555242 7318438 2600812
1494360000 7208476 1736687 8795772 2322459
1494352800 7076099 1353758 8699498 1994357
1494345600 6118163 1393460 7461310 1813476
1494338400 6683912 1677644 8197022 2479717
1494331200 4129108 1397696 6814421 1748407
1494324000 1935832 1586732 2876956 1765057
1494316800 2326020 1541182 3421222 1715635
1494309600 3805905 1691514 5500860 2121982
1494302400 5819954 1973237 7432479 2152207
1494295200 5618649 1945936 6966112 2112136
1494288000 7348049 1242576 8493452 2041051
1494280800 6564001 1507902 21703375 2056891
1494273600 7972643 2394488 24635557 3873043
1494266400 6041095 2370829 31515008 13313796
1494259200 5734206 1899172 23966594 2232640
1494252000 14479837 1653123 17272469 2027513
1494244800 8300552 889976 13297886 1729341
1494237600 3204165 1398797 4007956 1639698
1494230400 4193156 1622101 5591685 1907270
1494223200 7677766 1777114 11230711 2013177
1494216000 14315805 2036215 16940916 2212502
1494208800 15683803 2215584 17087214 2657161
1494201600 10207999 2523878 19613483 2860879
1494194400 6758489 2329860 20537842 2507761
1494187200 9862364 2338897 19386118 2544229
1494180000 15217563 2175757 18209451 2485826
1494172800 14679526 2283974 18533969 2470484
1494165600 12748358 2128590 14972413 2377419
1494158400 5870367 1841716 10027717 2188737
1494151200 4591536 1842748 5851895 1916903
1494144000 7238561 1879669 9324366 2099140
1494136800 11552139 2141409 14859677 2263751
1494129600 11067901 2243750 18829548 2633598
1494122400 5464927 2523954 21961247 2842444
1494115200 7030688 2434352 19581769 2765729
1494108000 10639360 2404614 20436672 2612238
1494100800 13541954 2449499 18928543 2650510
1494093600 14150027 2428101 17420897 2582147
1494086400 10781455 2549219 18413204 2899596
1494079200 14540848 1566467 17283285 2695672
1494072000 7475696 1514817 12120693 1940078
1494064800 3531004 1657474 4683257 1830054
1494057600 4256006 1721663 6926044 1869303
1494050400 8566890 1883121 12097321 2161114
1494043200 14291063 1970624 16862264 2220394
1494036000 14164025 1966465 17483079 2241326
1494028800 15580393 1278579 17538266 1564202
1494021600 10642837 1777676 20255867 2464544
1494014400 6125888 1777140 22473541 2235987
1494007200 14119148 1573623 17674430 1980163
1494000000 15131354 1658643 18179697 2562300
1493992800 12172899 1487342 15917640 2331155
1493985600 7123860 1188394 10796362 1551194
1493978400 2288008 1404945 3260136 1578598
1493971200 1889379 1367127 2507030 1516830
1493964000 3085876 1521021 4570392 1727099
1493956800 5297593 1520294 6206739 1879061
1493949600 5793682 1760572 6524791 1880945
1493942400 5324402 1118982 7046879 1700356
1493935200 6307700 1154614 7490799 1549061
1493928000 6731459 1331299 8913459 2494338
1493920800 6210419 1142303 7623566 1536454
1493913600 5648934 1394031 7032552 1906496
1493906400 5326039 1196142 6813171 1563118
1493899200 2459156 713706 5196020 1298173
1493892000 1085865 745780 1667662 1357097
1493884800 1241680 1233403 1539491 1326352
1493877600 7218115 1518135 10861801 1751534
1493870400 10 28 51 71
1493863200 12 30 51 72
1493856000 8 27 51 72
1493848800 12 30 51 71
1493841600 10 28 51 72
1493834400 10 28 51 71
1493827200 10 28 52 72
1493820000 16 34 52 72
1493812800 15 34 51 72
1493805600 9 28 52 72
1493798400 9 27 51 72
1493791200 12 30 51 71
1493784000 13 32 51 71
1493776800 12 30 52 72
1493769600 9 27 51 71
1493762400 11 30 51 72
1493755200 11 30 51 71
1493748000 8 26 51 72
1493740800 8 26 51 72
1493733600 5 24 52 70
1493726400 9 28 51 71
1493719200 13 31 52 72
1493712000 6 25 51 71
1493704800 10 28 51 71
1493697600 8 27 51 71
1493690400 15 33 51 71
1493683200 11 29 52 72
1493676000 9 27 52 71
1493668800 9 27 51 67
1493661600 7 25 51 67
1493654400 9 26 51 67
1493647200 13 31 52 68
1493640000 10 28 52 66
1493632800 12 31 51 72
1493625600 15 34 51 72
1493618400 10 28 51 71
1493611200 10 28 52 71
1493604000 10 28 52 72
1493596800 7 25 51 72
1493589600 12 31 51 72
1493582400 7 25 51 70
1493575200 5 24 51 72
1493568000 10 28 51 72
1493560800 15 33 52 72
1493553600 6 24 51 72
1493546400 9 27 51 72
1493539200 6 24 51 72
1493532000 10 28 52 72
1493524800 18 36 51 72
1493517600 9 27 51 72
1493510400 13 31 51 70
1493503200 8 27 51 72
1493496000 11 30 52 72
1493488800 15 33 51 72
1493481600 8 27 51 71
1493474400 7 26 51 72
1493467200 6 25 52 71
1493460000 11 30 52 72
1493452800 9 28 51 72
1493445600 10 28 51 72
1493438400 6 24 52 70
1493431200 12 31 52 68
1493424000 4 22 51 66
1493416800 10 28 51 68
1493409600 13 31 52 68
1493402400 11 31 51 69
1493395200 5 23 51 72
1493388000 16 34 52 72
1493380800 10 29 52 72
1493373600 10 28 51 72
1493366400 9 28 51 72
1493359200 7 25 51 70
1493352000 9 27 51 72
1493344800 12 30 51 72
1493337600 10 28 51 72
1493330400 5 23 51 70
1493323200 9 28 51 72
1493316000 9 27 51 72
1493308800 7 25 52 72
1493301600 5 24 51 72
1493294400 12 31 52 72
1493287200 11 30 51 72
1493280000 13 32 52 72
1493272800 5947 28 103700 75
1493265600 63978 33 159565 75
1493258400 109938 30 234187 76
1493251200 173423 71 432564 809
1493244000 293502 30 474086 74
1493236800 347334 32 992700 74
1493229600 218835 29 610071 75
1493222400 307878 29 767036 74
1493215200 277518 36 529602 73
1493208000 122411 30 383484 75
1493200800 81968 32 301953 72
1493193600 118174 37 286429 71
1493186400 168873 32 349120 70
1493179200 127287 31 377848 70
1493172000 161737 28 330603 68
1493164800 253003 30 411740 71
1493157600 262487 36 607945 160
1493150400 269253 26 549057 71
1493143200 209256 29 557876 74
1493136000 274175 32 546915 74
1493128800 311416 30 641621 75
1493121600 140061 30 607807 74
1493114400 27416 29 72074 74
1493107200 25124 28 73875 73
1493100000 75461 26 258363 74
1493092800 172421 35 467393 74
1493085600 130641 27 383750 83
1493078400 154510 332481 436233 1097790
1493071200 393657 1537366 1360043 2066580
1493064000 579497 1600360 1210611 2421672
1493056800 402011 1392982 694491 1597187
1493049600 549954 1440848 996019 1873136
1493042400 519367 1331889 1083750 2939355
1493035200 277882 1040536 596413 1527285
1493028000 227091 998908 300732 1303006
1493020800 268989 1176149 310084 1476113
1493013600 244794 1199163 351188 1534662
1493006400 205166 1285987 369282 1570096
1492999200 163925 1301438 450710 1640658
1492992000 337454 1191222 669922 1437906
1492984800 370322 1127569 527912 1317853
1492977600 285176 1031189 598317 1271015
1492970400 295952 968559 607375 1165278
1492963200 254463 978051 479449 1355920
1492956000 169916 1225895 384390 1565912
1492948800 43648 1154098 136745 1680674
1492941600 130358 1685855 164496 1791246
1492934400 177548 1764038 291214 1995813
1492927200 212012 1927253 345248 2174128
1492920000 202532 1961870 597293 2251716
1492912800 305834 1857634 622236 2302901
1492905600 361777 2103697 637253 2379632
1492898400 275017 2332893 407745 2569942
1492891200 208467 2716031 383268 3283286
1492884000 116395 2556672 329929 2850715
1492876800 197002 2618159 526953 3062825
1492869600 123755 2526660 214477 2950964
1492862400 89245 1680039 238851 2576233
1492855200 205633 1559189 290493 1655804
1492848000 204573 1564351 370590 1714651
1492840800 113669 1721364 189934 1882201
1492833600 176584 1674380 381303 1973980
1492826400 216633 1945361 415482 2124009
1492819200 191634 1354477 298705 1975720
1492812000 234762 1638969 485917 2151604
1492804800 450050 1538328 791319 2320845
1492797600 327691 1506504 544275 3453322
1492790400 385559 1508784 607886 1705347
1492783200 350178 1346713 747340 1690295
1492776000 210251 1488222 379328 2282345
1492768800 243289 1839923 389835 2054913
1492761600 162457 1840355 270451 1927465
1492754400 145617 1763738 303263 2083551
1492747200 124896 1760486 235338 1999792
1492740000 228041 1925949 598326 2333805
1492732800 257697 1561264 454720 2061638
1492725600 263889 1685957 548229 2159447
1492718400 487516 1525553 910740 1761833
1492711200 358400 1436012 672132 1827590
1492704000 307387 1488546 848600 1759457
1492696800 239323 1514042 517886 2044562
1492689600 210536 1667623 569675 2099754
1492682400 84908 1740559 141023 1845564
1492675200 65438 1787802 123177 1861215
1492668000 103001 1809999 454706 1934743
1492660800 124924 1885727 306756 2437562
1492653600 198021 1837264 474400 2104860
1492646400 243684 2193603 569581 2716350
1492639200 201185 2550134 585147 2912298
1492632000 186926 2598647 361448 2853259
1492624800 171294 2399229 351620 2772702
1492617600 153488 2384992 356928 2735936
1492610400 77321 2079297 303745 2626321
1492603200 30385 1337817 245470 1922074
1492596000 29854 1818306 69376 1914722
1492588800 89641 2010698 129379 2232455
1492581600 121775 2133280 300707 2300671
1492574400 169597 2043971 265531 2318054
1492567200 142491 2169141 376937 2391597
1492560000 125299 1736744 226453 2333473
1492552800 278255 1485464 577086 2039565
1492545600 253462 1125381 735730 1599703
1492538400 179114 1431021 382407 1758597
1492531200 270314 1476425 785437 1930140
1492524000 258060 1381505 519524 2323837
1492516800 120370 1486435 260953 2208359
1492509600 47330 1674448 98069 1935708
1492502400 53093 1740031 293173 1945471
1492495200 55295 1699747 351977 2033196
1492488000 145271 1839981 423241 2098043
1492480800 159821 1918710 344667 2152764
1492473600 204665 1653036 612604 2050090
1492466400 263227 1496243 821457 2083134
1492459200 286518 1711043 1227387 2530208
1492452000 257183 1541677 2414530 2298122
1492444800 246774 1335425 618214 1707465
1492437600 279223 1331289 682403 2197912
1492430400 123642 1098405 333406 2131533
1492423200 26596 768134 102606 905361
1492416000 26679 777472 114476 1015633
1492408800 153033 1088953 386964 1395362
1492401600 189690 1209535 432934 1407514
1492394400 235853 1154869 509543 1393856
1492387200 151552 1217281 340273 1553396
1492380000 158867 1069517 454399 1251738
1492372800 127016 934995 410114 1083215
1492365600 88942 934949 336495 1250012
1492358400 102445 947307 200448 1133282
1492351200 97173 822413 234170 1072858
1492344000 192236 885189 330830 1115900
1492336800 175980 974825 246995 1037045
1492329600 144160 1004528 257832 1133238
1492322400 96038 1153341 169076 1324554
1492315200 314880 1369856 830393 1746269
1492308000 253460 1486938 523357 1773623
1492300800 170240 1291925 321863 1567120
1492293600 221705 1245747 391243 1803769
1492286400 287181 1334002 609331 1522062
1492279200 196308 1129076 469759 1361478
1492272000 65596 1089613 210056 1202006
1492264800 54914 1211158 147514 1481357
1492257600 52699 1099438 126184 1353502
1492250400 49622 1106455 68295 1255166
1492243200 68326 1191920 108886 1272008
1492236000 68679 1308748 123804 1618800
1492228800 220626 1224151 426019 1436473
1492221600 112182 1329127 268014 1649012
1492214400 175756 1328171 431264 1586054
1492207200 127649 1256610 210301 1622027
1492200000 194073 1295135 439721 1675763
1492192800 143029 1170465 264195 1404732
1492185600 125239 1286835 824923 1424561
1492178400 256370 1210187 376780 1394062
1492171200 263848 1202053 331537 1572448
1492164000 195091 1240161 321348 1409226
1492156800 64502 1516212 168790 1863710
1492149600 62177 1249148 312638 1493868
1492142400 134990 1374733 405491 1671070
1492135200 174106 1364666 405406 1599768
1492128000 246793 1339280 572900 1648580
1492120800 211876 1149352 528592 1610543
1492113600 389883 1097879 779931 1519952
1492106400 231879 1049370 493939 1657759
1492099200 279965 993092 683500 1792021
1492092000 342561 1081746 848956 1792021
1492084800 147844 1316496 293574 2113972
1492077600 35811 1714512 103099 1952425
1492070400 57587 1979104 194989 2349187
1492063200 58835 1812528 171243 1982769
1492056000 175552 1915778 340102 2113872
1492048800 200969 1945500 370150 2197007
1492041600 277853 1319365 508429 1890496
1492034400 357929 1243243 975429 1624979
1492027200 469806 1277819 843244 1796766
1492020000 349771 1198399 3592565 4158467
1492012800 379960 1121644 909065 1639176
1492005600 289067 1146575 455197 1690259
1491998400 211720 1382229 782246 1818049
1491991200 146836 1286825 207030 1458214
1491984000 201691 1227773 424951 1584744
1491976800 98599 1161148 225680 1862742
1491969600 232308 1782833 452028 1939675
1491962400 210054 1864627 477047 2035111
1491955200 212053 1519911 464311 2014059
1491948000 200896 1018974 486318 1412634
1491940800 335846 1112959 550207 1385115
1491933600 225257 1101667 487665 1343537
1491926400 285773 926967 518106 1321374
1491919200 277992 1398368 1229831 1742174
1491912000 175393 1362885 670093 1878475
1491904800 70174 1406698 103307 1559644
1491897600 104308 1624909 256719 2004092
1491890400 114837 1378769 268150 1822832
1491883200 130716 1702355 273190 1889348
1491876000 165546 1749694 278715 1893106
1491868800 162653 1368023 293393 1842907
1491861600 236768 1368407 415698 1869028
1491854400 311167 1412679 530512 1655062
1491847200 228276 1447517 826100 2405552
1491840000 414673 2290959 5702810 12069301
1491832800 294141 1925786 579273 2489550
1491825600 143875 1542005 425695 2327826
1491818400 91961 1514311 273025 1673492
1491811200 129491 1748917 266187 2123492
1491804000 65521 1632431 167445 1933131
1491796800 86945 1669863 211199 1917746
1491789600 145434 1797009 266142 2224689
1491782400 165227 1358151 410582 1964513
1491775200 142459 968920 227749 1100040
1491768000 136979 989433 236286 1229005
1491760800 101124 862446 211706 1059110
1491753600 123463 912722 367769 1238472
1491746400 74816 875018 219753 1226205
1491739200 75994 1140927 173095 2046723
1491732000 57634 1912642 95789 2098584
1491724800 101321 2129448 160311 2683155
1491717600 121030 1910582 200726 2098952
1491710400 145156 1902697 216101 2077646
1491703200 127365 1893792 214170 2042903
1491696000 110061 1671836 194619 2117061
1491688800 86059 1700455 171396 2086495
1491681600 161396 1665808 815338 1995869
1491674400 168791 1628400 362004 1845972
1491667200 123711 1607135 233334 1846217
1491660000 97210 1326920 174817 1791219
1491652800 68825 1029087 214652 1510724
1491645600 47805 1488994 177985 1723902
1491638400 51571 1561475 103365 2009296
1491631200 74680 1197304 224577 1551257
1491624000 104746 1280537 233991 1791894
1491616800 116913 1695895 203393 2003257
1491609600 123284 1480148 560990 2170391
1491602400 164029 1401762 382724 1858596
1491595200 334627 1675350 663734 3263905
1491588000 341996 1569987 792270 1862916
1491580800 278801 1919372 551492 2326712
1491573600 198020 1791557 453534 2072636
1491566400 94972 1999830 419367 2580414
1491559200 32983 2265650 213430 2424013
1491552000 26409 2296350 68982 2403493
1491544800 45372 2277425 119094 2403887
1491537600 46924 2403846 154721 2620761
1491530400 153329 2438195 406882 2594627
1491523200 145847 2064964 394931 2637208
1491516000 183408 1534051 441608 2335871
1491508800 5850455 3184499 18748469 21007111
1491501600 6018553 1682523 7862753 3740482
1491494400 5782332 1599861 7312564 2324021
1491487200 6197875 2178980 11956130 11041925
1491480000 4833155 1710163 6670678 2081027
1491472800 2423818 1767107 3327956 1908657
1491465600 3400079 1843091 4289864 1904498
1491458400 3638035 1875432 5392493 2070302
1491451200 6259787 1633230 8011392 1787318
1491444000 5849613 1776608 10039063 1998505
1491436800 5229187 1585410 6233489 1958807
1491429600 5864731 1564878 7799726 2050667
1491422400 7611223 1616771 9645627 3956738
1491415200 6690766 1648941 8426214 2507996
1491408000 4467181 1633245 6271631 2530960
1491400800 4372688 1655039 5144825 2389053
1491393600 4568320 1303472 8207434 1796587
1491386400 2045331 1215559 2705129 1350858
1491379200 2501937 1363836 3500326 1781982
1491372000 3411420 1069157 4809659 1362554
1491364800 5909565 1276249 8244536 1495281
1491357600 6056081 1271055 7093040 1560936
1491350400 5368321 1141311 6217282 1387458
1491343200 5019354 1430100 6438877 1949123
1491336000 6503679 1831414 9507870 3586394
1491328800 6160374 1891223 7730007 2804259
1491321600 5568783 1508595 7035308 2091582
1491314400 5760106 1661260 7216886 2322287
1491307200 4749289 1415198 7539468 1699246
1491300000 1898130 1522543 3029813 1569792
1491292800 2264229 1714581 3854578 2071107
1491285600 3508878 1467903 4910674 1666340
1491278400 6247616 1672068 9337921 1869874
1491271200 6828506 1854942 8205996 2059125
1491264000 6412333 1423707 8085460 2130888
1491256800 6320984 1558330 8469394 2201141
1491249600 6907466 1529959 7961722 2091160
1491242400 6567790 1220078 7952401 2033820
1491235200 6511152 1481076 8273109 2083794
1491228000 5501912 1255469 6805778 1617726
1491220800 4562915 930533 6616370 1260265
1491213600 1760355 710638 2703851 965862
1491206400 1885356 850309 2836338 1369403
1491199200 2722905 725970 4150951 883045
1491192000 5828797 825152 7935454 1028751
1491184800 6813681 1144822 7860478 1747082
1491177600 5829040 1292172 7137481 1741402
1491170400 6309968 1118052 7375902 1615156
1491163200 5653694 973271 6543123 1162819
1491156000 3606754 800219 4523523 962498
1491148800 4115680 805863 4863561 1094555
1491141600 4419320 772410 5337967 1111043
1491134400 2329918 1144870 4195938 1792497
1491127200 1460572 1584373 2378662 1655089
1491120000 2619596 1754238 4359063 2168026
1491112800 4619053 1701745 5958691 1933904
1491105600 6057658 1776669 7336183 2204505
1491098400 6226905 1794093 7290238 2289952
1491091200 5383625 1353354 6848663 1817977
1491084000 4965464 964015 5751066 1318662
1491076800 5226852 1103289 6473910 1660418
1491069600 4547709 1067979 5519222 1307283
1491062400 4600725 1136274 6826798 1423572
1491055200 4995844 1196614 6136004 1441955
1491048000 4339634 1342419 6319916 1789283
1491040800 2703480 1615190 4052632 1697308
1491033600 3277474 1653640 4125400 2221487
1491026400 4034039 1784805 5948918 2055071
1491019200 6519498 1872263 7477742 2169591
1491012000 5474660 1803254 6453407 2090558
1491004800 5544623 1423760 6934980 1928115
1490997600 8784886 1609359 11543706 2057167
1490990400 9789281 1415545 11967994 1833718
1490983200 7815635 1676542 9241843 1976537
1490976000 7275780 1365520 8809384 1995088
1490968800 8253783 918464 11150101 1280590
1490961600 5590282 1230709 10028990 1849046
1490954400 2957494 1678257 4097473 1790467
1490947200 2794593 1830766 3484710 2190158
1490940000 3450031 1587869 5189618 1907802
1490932800 8608483 1834299 12557413 2266017
1490925600 10696351 1855868 12456341 2152877
1490918400 9084755 1580718 10605162 2045239
1490911200 9669937 1344609 12693477 1893549
1490904000 11478801 1272439 13993808 1604919
1490896800 10820178 1177687 13205034 1611962
1490889600 10226307 1186888 11980571 1413919
1490882400 12436180 1351311 15448909 1791679
1490875200 7143440 1384472 13344479 2084633
1490868000 1769799 1631650 2835779 2015993
1490860800 2265527 1865671 3429470 2322552
1490853600 3661533 1803382 5681269 2005380
1490846400 8030329 1998607 10960800 2230270
1490839200 11115187 2001286 12445658 2182319
1490832000 11363546 1887929 13261431 2431520
1490824800 11542057 1411623 13838424 1755079
1490817600 9948259 1268729 11853441 1462583
1490810400 9284222 1084899 10962311 1268905
1490803200 8855728 1130634 11157865 1408209
1490796000 8817377 1281268 10522784 1911274
1490788800 6306469 1745932 9379777 2100195
1490781600 2791669 1734620 4479114 1828510
1490774400 2947238 1898635 3879489 2328118
1490767200 3870196 1750273 6056533 1830065
1490760000 7248968 1845492 10829088 2078172
1490752800 11703099 1931594 14423330 2115203
1490745600 11718258 1502702 13054522 1877758
1490738400 11201530 1284316 13388733 1785013
1490731200 11555471 1406757 16246701 2007175
1490724000 10352101 1299302 12813243 1564121
1490716800 8992700 1276111 10552437 1783628
1490709600 9852037 1233058 11262549 1786032
1490702400 6247794 1339600 9293529 1941892
1490695200 2432666 1657794 3961713 1727763
1490688000 2596366 1823276 3210083 2242838
1490680800 3691444 1572017 5683742 1773773
1490673600 8064625 1638450 9864573 1914118
1490666400 9746551 1696326 11100770 1980890
1490659200 9442242 1496336 12251455 2317793
1490652000 8527346 1287198 10566575 1625966
1490644800 9686724 1384109 11075586 1770450
1490637600 8043884 1315252 9486998 1613094
1490630400 8102747 1543033 9945288 3245783
1490623200 9387719 2060407 12004472 2647728
1490616000 5853852 1649024 8911205 2088203
1490608800 2494495 1807089 3672653 2248434
1490601600 2428804 2004443 3021619 2471634
1490594400 3706531 1878982 6745417 2168292
1490587200 9836084 2159416 12911881 2740132
1490580000 9587234 2172358 12925261 2427462
1490572800 8485973 1969593 9364719 2113927
1490565600 9381267 2109216 11170035 2336735
1490558400 9289878 2190291 12873867 2529513
1490551200 7185103 2033935 8783457 2246467
1490544000 6681559 2029362 8308365 2299831
1490536800 4913451 1966277 8292600 2299831
1490529600 3183328 1262834 4548214 1927557
1490522400 2395240 1630231 2928220 1747700
1490515200 3453460 1820879 4337441 2186812
1490508000 6121569 1673704 7956183 2013150
1490500800 8825498 1858201 10825534 2103658
1490493600 10192163 1854738 11744854 2053011
1490486400 8849040 1425669 10518389 1991558
1490479200 7753697 1203835 9877588 1721721
1490472000 8369344 1326101 9720199 1988425
1490464800 6935532 1231730 8380634 1374044
1490457600 6751889 1268820 7716045 1524800
1490450400 5665752 1233750 7527192 1621485
1490443200 3731139 1560465 5186104 2179443
1490436000 3622111 2124800 4405183 2425561
1490428800 3944798 2297990 4899062 2761930
1490421600 5062168 2152213 7452089 2355228
1490414400 9885014 2481539 12033002 2654436
1490407200 10956759 1997721 13235395 2442087
1490400000 10542106 1330749 12866476 2031913
1490392800 9823683 1133344 12372533 1406555
1490385600 9164097 1357414 10948123 2373025
1490378400 9914968 2190086 11864871 2946345
1490371200 10372109 2217260 12554970 2701784
1490364000 9214091 2071066 11527674 2761645
1490356800 5629359 1415278 10726740 2157808
1490349600 2430869 1492158 3464752 1635487
1490342400 3797667 1844263 4702052 2420113
1490335200 3640693 1767893 5779047 1974845
1490328000 7863081 2002957 10860487 2522513
1490320800 10124363 1935258 11896682 2277508
1490313600 7657711 1777436 13563834 2603963
1490227200 7339475 1865512 12111218 2735216
1490140800 7404606 1958207 14480893 3482474
1490054400 6943830 1941479 13665316 3166235
1489968000 5714078 1379262 10082136 2565669
1489881600 5932489 1453450 12141587 2247979
1489795200 6670463 1889847 12168939 2361693
1489708800 7454613 1618297 13877053 2428900
1489622400 6746476 1436984 11580321 2138651
1489536000 6417721 1591330 11716146 3117719
1489449600 6439509 1835390 12264667 2900208
1489363200 5921549 1470576 11822790 2406478
1489276800 5518921 1427546 10939148 2223384
1489190400 6808080 1944559 13045406 2604420
1489104000 6404392 2094696 13565067 3094261
1489017600 6085076 1875065 12108590 4214726
1488931200 6779134 1811872 11742285 3239676
1488844800 6782977 1616078 14234924 2485958
1488758400 5376586 1680356 11222375 3310840
1488672000 4938810 2179181 11314123 2960767
1488585600 6265581 1867946 10218934 2661041
1488499200 7150128 1563816 12844356 2469526
1488412800 7040238 2047805 10866532 3435675
1488326400 6995160 1797890 11462645 2945726
1488240000 6748352 1984603 11709133 3350699
1488153600 5217519 1622116 9846852 2734618
1488067200 5121750 1821839 9465296 2820116
1487980800 6262470 1944141 11056082 3652499
1487894400 6365937 1715459 13262401 2720706
1487808000 5509016 1736634 9310415 2704149
1487721600 6035146 1859001 12767516 3119716
1487635200 5723470 1596620 11307849 2488467
1487548800 4756798 1511819 10056647 2386833
1487462400 5104470 1887463 9633111 2737895
1487376000 6195227 1701564 10834263 2725633
1487289600 6217320 1930946 10896172 3648417
1487203200 5597078 1875592 9476731 2992895
1487116800 5933976 1508413 12075460 2953124
1487030400 6051436 1522822 10739876 3073641
1486944000 5062020 1394772 11355436 2067508
1486857600 4711542 1554299 8605803 2483100
1486771200 6296228 1913215 10274085 3131528
1486684800 6098789 1437013 10752847 2607828
1486598400 6068990 1649523 11188239 3262376
1486512000 5879645 1352467 10640577 2577756
1486425600 7003665 1242119 12390125 3768064
1486339200 6246775 1234495 12991117 1856378
1486252800 5874167 1387399 11848204 2805880
1486166400 7466174 1511254 12420822 2544055
1486080000 8007533 1589176 15105671 2862285
1485993600 7310338 1568885 13272988 2847860
1485907200 7219819 1625847 12510818 2545980
1485820800 7849671 1227512 13650345 1969154
1485734400 5780753 1728474 11673733 2471732
1485648000 6234646 1729808 12935742 3110784
1485561600 7710223 1692704 13024433 3028943
1485475200 8718666 1435729 15486668 3756140
1485388800 7817863 1496898 14832153 2432511
1485302400 7185855 1592208 11778041 2794638
1485216000 6702317 1254810 12628516 2000862
1485129600 4649229 1311174 9378577 2864286
1485043200 4969184 1453921 10014213 3426247
1484956800 6064195 1315903 10521935 2156805
1484870400 5784348 1251685 11317592 2036301
1484784000 5738317 1483166 10801348 2712671
1484697600 5955225 1381086 10689357 2251759
1484611200 5998789 1284294 10823690 2314267
1484524800 5368401 1671353 8743263 2244604
1484438400 5194404 1289707 9291970 2174197
1484352000 5244941 1347580 10055418 2295418
1484265600 5781858 1532723 10837887 2571372
1484179200 6979869 1742955 19297769 2382633
1484092800 5440924 1540595 10085384 2527257
1484006400 6174566 1628071 10681854 3111836
1483920000 5517777 1958524 9842115 2659985
1483833600 5840820 2025789 9428585 2771302
1483747200 6219269 1944274 28146877 17850524
1483660800 5705280 1821330 9957623 2713490
1483574400 6883196 1649898 12889122 3853082
1483488000 7046038 1234797 12362876 2203560
1483401600 5903830 1385836 10983226 2033658
1483315200 4060672 1339879 9791418 2024582
1483228800 5460240 1638599 10285902 2443874
1483142400 6293354 1597087 10502192 2403687
1483056000 6256744 1838190 9443918 3534217
1482969600 5776658 1477078 8805948 2771919
1482883200 5696088 1614350 9742711 2506778
1482796800 6051412 1706218 10067890 2828955
1482710400 4475284 1608131 7110074 2192002
1482624000 5700981 1673814 10719970 2673984
1482537600 6504858 1631668 10386678 2711111
1482451200 5924426 1478288 10597037 5378546
1482364800 5768349 1692352 9116199 2608889
1482278400 5665070 1406941 9505403 5754653
1482192000 5638939 1434645 10561525 2135787
1482105600 6185870 1576699 9951523 2245247
1482019200 5569381 1634564 10813172 2300161
1481932800 5518738 1601965 9455253 2469284
1481846400 5536959 1438382 9319580 3856151
1481760000 5489656 1567713 10502965 2529024
1481673600 5374271 1482213 9336212 3360205
1481587200 6081731 1404792 10610761 2386154
1481500800 6054284 1569960 16593511 2136269
1481414400 6840892 1346871 11290634 2136675
1481328000 6691492 1652191 12821629 2553869
1481241600 6468341 1773894 11037353 2468138
1481155200 5583910 1790888 8736039 2471419
1481068800 5283601 1953304 9257403 3240680
1480982400 5170837 1441726 9168541 2351577
1480896000 6454342 2183231 10813867 3063742
1480809600 7457586 2360825 11862027 3036608
1480723200 5229498 1867358 10269800 2660364
1480636800 4607831 1876100 8959441 3186425
1480550400 5517913 2069175 8934560 2929409
1480464000 5112470 1987873 9018831 2871990
1480377600 5177323 1709804 8901739 2701164
1480291200 4980293 1626191 8817738 2551202
1480204800 4505527 1803867 8782847 2571131
1480118400 5265168 2316669 9173859 3374053
1480032000 5388555 1966699 8312367 3739887
1479945600 5267113 1924403 9315538 3451676
1479859200 5673683 2409747 31358394 30294481
1479772800 5889453 1798561 9689799 2684795
1479686400 5349991 1456928 9176687 2222664
1479600000 5272435 1261130 10030049 2162421
1479513600 5206376 1556050 12252280 2527928
1479427200 5100220 1631239 9197265 2372780
1479340800 5406172 1484608 10073056 2373465
1479254400 5258478 1667171 9289492 2980649
1479168000 5483037 1439021 10016862 3710593
1479081600 5154171 1247267 8939523 2194048
1478995200 5216595 1452575 12830045 7157877
1478908800 4955813 1809173 9375960 4392408
1478822400 4938476 1743808 20388403 14803783
1478736000 4828725 1616463 13913657 4911425
1478649600 4527134 1662167 7615178 2605651
1478563200 4909685 1707874 9941143 2577783
1478476800 4575265 1157085 7814595 1981583
1478390400 4787459 1294011 10206419 2286765
1478304000 4863564 1447020 10975207 2446343
1478217600 4606657 1875780 7679374 2959892
1478131200 5101033 1580210 9332316 2414310
1478044800 5632285 1435555 10988477 2358257
1477958400 5859378 1320663 10400170 2368474
1477872000 5179753 1258223 8807544 2250438
1477785600 5048047 1345150 9622129 2502773
1477699200 5156182 1322648 9271748 2250819
1477612800 4728262 1426539 8365405 3062204
1477526400 5129267 1568928 8876360 2626208
1477440000 4758607 1639560 8853978 2582071
1477353600 4942092 1423663 8797613 2668502
1477267200 4975960 1334991 8819602 2534685
1477180800 4558762 1493483 8203580 2652325
1477094400 4970465 1799660 8061743 5362552
1477008000 4420762 1712612 8200054 3231191
1476921600 3462836 1563916 6732359 3460513
1476835200 3100153 1647146 6636301 3496876
1476748800 2672644 1316378 4771434 2841783
1476662400 1775488 889484 3035904 1653214
1476576000 2202222 1208000 3997660 2324319
1476489600 2791831 1587000 5633883 2505310
1476403200 2648330 1722806 5415676 3809227
1476316800 2911078 1445735 5437326 2190431
1476230400 2731525 1484087 5341725 2904445
1476144000 1959199 1173214 3360396 2155431
1476057600 1838716 1176032 3483434 1894526
1475971200 1977218 1307928 3780966 2101071
1475884800 2443660 1764905 4260714 2761597
1475798400 3112580 1938715 7407407 4310210
1475712000 2859650 2084295 6218464 3787716
1475625600 2908570 2106331 6467847 3949391
1475539200 3415035 1482529 6734880 2582046
1475452800 3082529 1151042 5390078 2028532
1475366400 3348502 1283574 5486809 2549071
1475280000 4086113 1767905 6983983 3164883
1475193600 3933845 1497595 6846053 2397210
1475107200 4154519 1361703 9215881 2842634
1475020800 1217096 316700 6375220 1927706
1474934400 0 0 0 0
1474848000 0 0 0 0
1474761600 0 0 0 0
1474675200 0 0 0 0
1474588800 0 0 0 0
1474502400 0 0 0 0
1474416000 0 0 0 0
1474329600 0 0 0 0
1474243200 0 0 0 0
1474156800 0 0 0 0
1474070400 0 0 0 0
1473984000 0 0 0 0
1473897600 0 0 0 0
1473811200 0 0 0 0
1473724800 0 0 0 0
1473638400 0 0 0 0
1473552000 0 0 0 0
1473465600 0 0 0 0
1473379200 0 0 0 0
1473292800 0 0 0 0
1473206400 0 0 0 0
1473120000 0 0 0 0
1473033600 0 0 0 0
1472947200 0 0 0 0
1472860800 0 0 0 0
1472774400 0 0 0 0
1472688000 0 0 0 0
1472601600 0 0 0 0
1472515200 0 0 0 0
1472428800 0 0 0 0
1472342400 0 0 0 0
1472256000 0 0 0 0
1472169600 0 0 0 0
1472083200 0 0 0 0
1471996800 0 0 0 0
1471910400 0 0 0 0
1471824000 0 0 0 0
1471737600 0 0 0 0
1471651200 0 0 0 0
1471564800 0 0 0 0
1471478400 0 0 0 0
1471392000 0 0 0 0
1471305600 0 0 0 0
1471219200 0 0 0 0
1471132800 0 0 0 0
1471046400 0 0 0 0
1470960000 0 0 0 0
1470873600 0 0 0 0
1470787200 0 0 0 0
1470700800 0 0 0 0
1470614400 0 0 0 0
1470528000 0 0 0 0
1470441600 0 0 0 0
1470355200 0 0 0 0
1470268800 0 0 0 0
1470182400 0 0 0 0
1470096000 0 0 0 0
1470009600 0 0 0 0
1469923200 0 0 0 0
1469836800 0 0 0 0
1469750400 0 0 0 0
1469664000 0 0 0 0
1469577600 0 0 0 0
1469491200 0 0 0 0
1469404800 0 0 0 0
1469318400 0 0 0 0
1469232000 0 0 0 0
1469145600 0 0 0 0
1469059200 0 0 0 0
1468972800 0 0 0 0
1468886400 0 0 0 0
1468800000 0 0 0 0
1468713600 0 0 0 0
1468627200 0 0 0 0
1468540800 0 0 0 0
1468454400 0 0 0 0
1468368000 0 0 0 0
1468281600 0 0 0 0
1468195200 0 0 0 0
1468108800 0 0 0 0
1468022400 0 0 0 0
1467936000 0 0 0 0
1467849600 0 0 0 0
1467763200 0 0 0 0
1467676800 0 0 0 0
1467590400 0 0 0 0
1467504000 0 0 0 0
1467417600 0 0 0 0
1467331200 0 0 0 0
1467244800 0 0 0 0
1467158400 0 0 0 0
1467072000 0 0 0 0
1466985600 0 0 0 0
1466899200 0 0 0 0
1466812800 0 0 0 0
1466726400 0 0 0 0
1466640000 0 0 0 0
1466553600 0 0 0 0
1466467200 0 0 0 0
1466380800 0 0 0 0
1466294400 0 0 0 0
1466208000 0 0 0 0
1466121600 0 0 0 0
1466035200 0 0 0 0
1465948800 0 0 0 0
1465862400 0 0 0 0
1465776000 0 0 0 0
1465689600 0 0 0 0
1465603200 0 0 0 0
1465516800 0 0 0 0
1465430400 0 0 0 0
1465344000 0 0 0 0
1465257600 0 0 0 0
1465171200 0 0 0 0
1465084800 0 0 0 0
1464998400 0 0 0 0
1464912000 0 0 0 0
1464825600 0 0 0 0
1464739200 0 0 0 0
1464652800 0 0 0 0
1464566400 0 0 0 0
1464480000 0 0 0 0
1464393600 0 0 0 0
1464307200 0 0 0 0
1464220800 0 0 0 0
1464134400 0 0 0 0
1464048000 0 0 0 0
1463961600 0 0 0 0
1463875200 0 0 0 0
1463788800 0 0 0 0
1463702400 0 0 0 0
1463616000 0 0 0 0
1463529600 0 0 0 0
1463443200 0 0 0 0
1463356800 0 0 0 0
1463270400 0 0 0 0
1463184000 0 0 0 0
1463097600 0 0 0 0
1463011200 0 0 0 0
1462924800 0 0 0 0
1462838400 0 0 0 0
1462752000 0 0 0 0
1462665600 0 0 0 0
1462579200 0 0 0 0
1462492800 0 0 0 0
1462406400 0 0 0 0
1462320000 0 0 0 0
1462233600 0 0 0 0
1462147200 0 0 0 0
1462060800 0 0 0 0
1461974400 0 0 0 0
1461888000 0 0 0 0
1461801600 0 0 0 0
1461715200 0 0 0 0
1461628800 0 0 0 0
1461542400 0 0 0 0
1461456000 0 0 0 0
1461369600 0 0 0 0
1461283200 0 0 0 0
1461196800 0 0 0 0
1461110400 0 0 0 0
1461024000 0 0 0 0
1460937600 0 0 0 0
1460851200 0 0 0 0
1460764800 0 0 0 0
1460678400 0 0 0 0
1460592000 0 0 0 0
1460505600 0 0 0 0
1460419200 0 0 0 0
1460332800 0 0 0 0
1460246400 0 0 0 0
1460160000 0 0 0 0
1460073600 0 0 0 0
1459987200 0 0 0 0
1459900800 0 0 0 0
1459814400 0 0 0 0
1459728000 0 0 0 0
1459641600 0 0 0 0
1459555200 0 0 0 0
1459468800 0 0 0 0
1459382400 0 0 0 0
1459296000 0 0 0 0
1459209600 0 0 0 0
1459123200 0 0 0 0
1459036800 0 0 0 0
1458950400 0 0 0 0
1458864000 0 0 0 0
1458777600 0 0 0 0
1458691200 0 0 0 0
1458604800 0 0 0 0
1458518400 0 0 0 0
1458432000 0 0 0 0
1458345600 0 0 0 0
1458259200 0 0 0 0
1458172800 0 0 0 0
1458086400 0 0 0 0
1458000000 0 0 0 0
1457913600 0 0 0 0
1457827200 0 0 0 0
1457740800 0 0 0 0
1457654400 0 0 0 0
1457568000 0 0 0 0
1457481600 0 0 0 0
1457395200 0 0 0 0
1457308800 0 0 0 0
1457222400 0 0 0 0
1457136000 0 0 0 0
1457049600 0 0 0 0
1456963200 0 0 0 0
1456876800 0 0 0 0
1456790400 0 0 0 0
1456704000 0 0 0 0
1456617600 0 0 0 0
1456531200 0 0 0 0
1456444800 0 0 0 0
1456358400 0 0 0 0
1456272000 0 0 0 0
1456185600 0 0 0 0
1456099200 0 0 0 0
1456012800 0 0 0 0
1455926400 0 0 0 0
1455840000 0 0 0 0
1455753600 0 0 0 0
1455667200 0 0 0 0
1455580800 0 0 0 0
1455494400 0 0 0 0
1455408000 0 0 0 0
1455321600 0 0 0 0
1455235200 0 0 0 0
1455148800 0 0 0 0
1455062400 0 0 0 0
1454976000 0 0 0 0
1454889600 0 0 0 0
1454803200 0 0 0 0
1454716800 0 0 0 0
1454630400 0 0 0 0
1454544000 0 0 0 0
1454457600 0 0 0 0
1454371200 0 0 0 0
1454284800 0 0 0 0
1454198400 0 0 0 0
1454112000 0 0 0 0
1454025600 0 0 0 0
1453939200 0 0 0 0
1453852800 0 0 0 0
1453766400 0 0 0 0
1453680000 0 0 0 0
1453593600 0 0 0 0
1453507200 0 0 0 0
1453420800 0 0 0 0
1453334400 0 0 0 0
1453248000 0 0 0 0
1453161600 0 0 0 0
1453075200 0 0 0 0
1452988800 0 0 0 0
1452902400 0 0 0 0
1452816000 0 0 0 0
1452729600 0 0 0 0
1452643200 0 0 0 0
1452556800 0 0 0 0
1452470400 0 0 0 0
1452384000 0 0 0 0
1452297600 0 0 0 0
1452211200 0 0 0 0
1452124800 0 0 0 0
1452038400 0 0 0 0
1451952000 0 0 0 0
1451865600 0 0 0 0
1451779200 0 0 0 0
1451692800 0 0 0 0
1451606400 0 0 0 0
1451520000 0 0 0 0
1451433600 0 0 0 0
1451347200 0 0 0 0
1451260800 0 0 0 0
1451174400 0 0 0 0
1451088000 0 0 0 0
1451001600 0 0 0 0
1450915200 0 0 0 0
1450828800 0 0 0 0
1450742400 0 0 0 0
1450656000 0 0 0 0
1450569600 0 0 0 0
1450483200 0 0 0 0
1450396800 0 0 0 0
1450310400 0 0 0 0
1450224000 0 0 0 0
1450137600 0 0 0 0
1450051200 0 0 0 0
1449964800 0 0 0 0
1449878400 0 0 0 0
1449792000 0 0 0 0
1449705600 0 0 0 0
1449619200 0 0 0 0
1449532800 0 0 0 0
1449446400 0 0 0 0
1449360000 0 0 0 0
1449273600 0 0 0 0
1449187200 0 0 0 0
1449100800 0 0 0 0
1449014400 0 0 0 0
1448928000 0 0 0 0
1448841600 0 0 0 0
1448755200 0 0 0 0
1448668800 0 0 0 0
1448582400 0 0 0 0
1448496000 0 0 0 0
1448409600 0 0 0 0
1448323200 0 0 0 0
1448236800 0 0 0 0
1448150400 0 0 0 0
1448064000 0 0 0 0
1447977600 0 0 0 0
1447891200 0 0 0 0
1447804800 0 0 0 0
1447718400 0 0 0 0
1447632000 0 0 0 0
1447545600 0 0 0 0
1447459200 0 0 0 0
1447372800 0 0 0 0
1447286400 0 0 0 0
1447200000 0 0 0 0
1447113600 0 0 0 0
1447027200 0 0 0 0
1446940800 0 0 0 0
1446854400 0 0 0 0
1446768000 0 0 0 0
1446681600 0 0 0 0
1446595200 0 0 0 0
1446508800 0 0 0 0
1446422400 0 0 0 0
1446336000 0 0 0 0
1446249600 0 0 0 0
1446163200 0 0 0 0
1446076800 0 0 0 0
1445990400 0 0 0 0
1445904000 0 0 0 0
1445817600 0 0 0 0
1445731200 0 0 0 0
1445644800 0 0 0 0
1445558400 0 0 0 0
1445472000 0 0 0 0
1445385600 0 0 0 0
1445299200 0 0 0 0
1445212800 0 0 0 0
1445126400 0 0 0 0
1445040000 0 0 0 0
1444953600 0 0 0 0
1444867200 0 0 0 0
1444780800 0 0 0 0
1444694400 0 0 0 0
1444608000 0 0 0 0
1444521600 0 0 0 0
1444435200 0 0 0 0
1444348800 0 0 0 0
1444262400 0 0 0 0
1444176000 0 0 0 0
1444089600 0 0 0 0
1444003200 0 0 0 0
1443916800 0 0 0 0
1443830400 0 0 0 0
1443744000 0 0 0 0
1443657600 0 0 0 0
1443571200 0 0 0 0
1443484800 0 0 0 0
1443398400 0 0 0 0
1443312000 0 0 0 0
1443225600 0 0 0 0
1443139200 0 0 0 0
1443052800 0 0 0 0
1442966400 0 0 0 0
1442880000 0 0 0 0
1442793600 0 0 0 0
1442707200 0 0 0 0
1442620800 0 0 0 0
1442534400 0 0 0 0
1442448000 0 0 0 0
1442361600 0 0 0 0
1442275200 0 0 0 0
1442188800 0 0 0 0
1442102400 0 0 0 0
1442016000 0 0 0 0
1441929600 0 0 0 0
1441843200 0 0 0 0
1441756800 0 0 0 0
1441670400 0 0 0 0
1441584000 0 0 0 0
1441497600 0 0 0 0
1441411200 0 0 0 0
1441324800 0 0 0 0
1441238400 0 0 0 0
1441152000 0 0 0 0
1441065600 0 0 0 0
1440979200 0 0 0 0
1440892800 0 0 0 0
1440806400 0 0 0 0
1440720000 0 0 0 0
1440633600 0 0 0 0
1440547200 0 0 0 0
1440460800 0 0 0 0
1440374400 0 0 0 0
1440288000 0 0 0 0
1440201600 0 0 0 0
1440115200 0 0 0 0
1440028800 0 0 0 0
1439942400 0 0 0 0
1439856000 0 0 0 0
1439769600 0 0 0 0
1439683200 0 0 0 0
1439596800 0 0 0 0
1439510400 0 0 0 0
1439424000 0 0 0 0
1439337600 0 0 0 0
1439251200 0 0 0 0
1439164800 0 0 0 0
1439078400 0 0 0 0
1438992000 0 0 0 0
1438905600 0 0 0 0
1438819200 0 0 0 0
1438732800 0 0 0 0
1438646400 0 0 0 0
1438560000 0 0 0 0
1438473600 0 0 0 0
1438387200 0 0 0 0
1438300800 0 0 0 0
1438214400 0 0 0 0
1438128000 0 0 0 0
1438041600 0 0 0 0
1437955200 0 0 0 0
1437868800 0 0 0 0
1437782400 0 0 0 0
1437696000 0 0 0 0
1437609600 0 0 0 0
1437523200 0 0 0 0
1437436800 0 0 0 0
1437350400 0 0 0 0
1437264000 0 0 0 0
1437177600 0 0 0 0
1437091200 0 0 0 0
1437004800 0 0 0 0
1436918400 0 0 0 0
1436832000 0 0 0 0
1436745600 0 0 0 0
1436659200 0 0 0 0
1436572800 0 0 0 0
1436486400 0 0 0 0
1436400000 0 0 0 0
1436313600 0 0 0 0
1436227200 0 0 0 0
1436140800 0 0 0 0
1436054400 0 0 0 0
1435968000 0 0 0 0
1435881600 0 0 0 0
1435795200 0 0 0 0
1435708800 0 0 0 0
1435622400 0 0 0 0
1435536000 0 0 0 0
1435449600 0 0 0 0
1435363200 0 0 0 0
1435276800 0 0 0 0
1435190400 0 0 0 0
1435104000 0 0 0 0
1435017600 0 0 0 0
1434931200 0 0 0 0
1434844800 0 0 0 0
1434758400 0 0 0 0
1434672000 0 0 0 0
1434585600 0 0 0 0
1434499200 0 0 0 0
1434412800 0 0 0 0
1434326400 0 0 0 0
1434240000 0 0 0 0
1434153600 0 0 0 0
1434067200 0 0 0 0
1433980800 0 0 0 0
1433894400 0 0 0 0
1433808000 0 0 0 0
1433721600 0 0 0 0
1433635200 0 0 0 0
1433548800 0 0 0 0
1433462400 0 0 0 0
1433376000 0 0 0 0
1433289600 0 0 0 0
1433203200 0 0 0 0
1433116800 0 0 0 0
1433030400 0 0 0 0
1432944000 0 0 0 0
1432857600 0 0 0 0
1432771200 0 0 0 0
1432684800 0 0 0 0
1432598400 0 0 0 0
1432512000 0 0 0 0
1432425600 0 0 0 0
1432339200 0 0 0 0
1432252800 0 0 0 0
1432166400 0 0 0 0
1432080000 0 0 0 0
1431993600 0 0 0 0
1431907200 0 0 0 0
1431820800 0 0 0 0
1431734400 0 0 0 0
1431648000 0 0 0 0
1431561600 0 0 0 0
1431475200 0 0 0 0
1431388800 0 0 0 0
1431302400 0 0 0 0
1431216000 0 0 0 0
1431129600 0 0 0 0
1431043200 0 0 0 0
1430956800 0 0 0 0
1430870400 0 0 0 0
1430784000 0 0 0 0
1430697600 0 0 0 0
1430611200 0 0 0 0
1430524800 0 0 0 0
1430438400 0 0 0 0
1430352000 0 0 0 0
1430265600 0 0 0 0
1430179200 0 0 0 0
1430092800 0 0 0 0
1430006400 0 0 0 0
1429920000 0 0 0 0
1429833600 0 0 0 0
1429747200 0 0 0 0
1429660800 0 0 0 0
1429574400 0 0 0 0
1429488000 0 0 0 0
1429401600 0 0 0 0
1429315200 0 0 0 0
1429228800 0 0 0 0
1429142400 0 0 0 0
1429056000 0 0 0 0
1428969600 0 0 0 0
1428883200 0 0 0 0
1428796800 0 0 0 0
1428710400 0 0 0 0
1428624000 0 0 0 0
1428537600 0 0 0 0
1428451200 0 0 0 0
1428364800 0 0 0 0
1428278400 0 0 0 0
1428192000 0 0 0 0
1428105600 0 0 0 0
1428019200 0 0 0 0
1427932800 0 0 0 0
1427846400 0 0 0 0
1427760000 0 0 0 0
1427673600 0 0 0 0
1427587200 0 0 0 0
1427500800 0 0 0 0
1427414400 0 0 0 0
1427328000 0 0 0 0
1427241600 0 0 0 0
1427155200 0 0 0 0
