1495906913 4218849065 693771423
1495906913 0 0 0 0
1495906859 0 0 0 0
1495906800 0 0 0 0
1495906500 0 0 0 0
1495906200 0 0 0 0
1495905900 0 0 0 0
1495905600 0 0 0 0
1495905300 0 0 0 0
1495905000 0 0 0 0
1495904700 0 0 0 0
1495904400 0 0 0 0
1495904100 0 0 0 0
1495903800 0 0 0 0
1495903500 0 0 0 0
1495903200 0 0 0 0
1495902900 0 0 0 0
1495902600 0 0 0 0
1495902300 0 0 0 0
1495902000 0 0 0 0
1495901700 0 0 0 0
1495901400 0 0 0 0
1495901100 0 0 0 0
1495900800 0 0 0 0
1495900500 0 0 0 0
1495900200 0 0 0 0
1495899900 0 0 0 0
1495899600 0 0 0 0
1495899300 0 0 0 0
1495899000 0 0 0 0
1495898700 0 0 0 0
1495898400 0 0 0 0
1495898100 0 0 0 0
1495897800 0 0 0 0
1495897500 0 0 0 0
1495897200 0 0 0 0
1495896900 0 0 0 0
1495896600 0 0 0 0
1495896300 0 0 0 0
1495896000 0 0 0 0
1495895700 0 0 0 0
1495895400 0 0 0 0
1495895100 0 0 0 0
1495894800 0 0 0 0
1495894500 0 0 0 0
1495894200 0 0 0 0
1495893900 0 0 0 0
1495893600 0 0 0 0
1495893300 0 0 0 0
1495893000 0 0 0 0
1495892700 0 0 0 0
1495892400 0 0 0 0
1495892100 0 0 0 0
1495891800 0 0 0 0
1495891500 0 0 0 0
1495891200 0 0 0 0
1495890900 0 0 0 0
1495890600 0 0 0 0
1495890300 0 0 0 0
1495890000 0 0 0 0
1495889700 0 0 0 0
1495889400 0 0 0 0
1495889100 0 0 0 0
1495888800 0 0 0 0
1495888500 0 0 0 0
1495888200 0 0 0 0
1495887900 0 0 0 0
1495887600 0 0 0 0
1495887300 0 0 0 0
1495887000 0 0 0 0
1495886700 0 0 0 0
1495886400 0 0 0 0
1495886100 0 0 0 0
1495885800 0 0 0 0
1495885500 0 0 0 0
1495885200 0 0 0 0
1495884900 0 0 0 0
1495884600 0 0 0 0
1495884300 0 0 0 0
1495884000 0 0 0 0
1495883700 0 0 0 0
1495883400 0 0 0 0
1495883100 0 0 0 0
1495882800 0 0 0 0
1495882500 0 0 0 0
1495882200 0 0 0 0
1495881900 0 0 0 0
1495881600 0 0 0 0
1495881300 0 0 0 0
1495881000 0 0 0 0
1495880700 0 0 0 0
1495880400 0 0 0 0
1495880100 0 0 0 0
1495879800 0 0 0 0
1495879500 0 0 0 0
1495879200 0 0 0 0
1495878900 0 0 0 0
1495878600 0 0 0 0
1495878300 0 0 0 0
1495878000 0 0 0 0
1495877700 0 0 0 0
1495877400 0 0 0 0
1495877100 0 0 0 0
1495876800 0 0 0 0
1495876500 0 0 0 0
1495876200 0 0 0 0
1495875900 0 0 0 0
1495875600 0 0 0 0
1495875300 0 0 0 0
1495875000 0 0 0 0
1495874700 0 0 0 0
1495874400 0 0 0 0
1495874100 0 0 0 0
1495873800 0 0 0 0
1495873500 0 0 0 0
1495873200 0 0 0 0
1495872900 0 0 0 0
1495872600 0 0 0 0
1495872300 0 0 0 0
1495872000 0 0 0 0
1495871700 0 0 0 0
1495871400 0 0 0 0
1495871100 0 0 0 0
1495870800 0 0 0 0
1495870500 0 0 0 0
1495870200 0 0 0 0
1495869900 0 0 0 0
1495869600 0 0 0 0
1495869300 0 0 0 0
1495869000 0 0 0 0
1495868700 0 0 0 0
1495868400 0 0 0 0
1495868100 0 0 0 0
1495867800 0 0 0 0
1495867500 0 0 0 0
1495867200 0 0 0 0
1495866900 0 0 0 0
1495866600 0 0 0 0
1495866300 0 0 0 0
1495866000 0 0 0 0
1495865700 0 0 0 0
1495865400 0 0 0 0
1495865100 0 0 0 0
1495864800 0 0 0 0
1495864500 0 0 0 0
1495864200 0 0 0 0
1495863900 0 0 0 0
1495863600 0 0 0 0
1495863300 0 0 0 0
1495863000 0 0 0 0
1495862700 0 0 0 0
1495862400 0 0 0 0
1495862100 0 0 0 0
1495861800 0 0 0 0
1495861500 0 0 0 0
1495861200 0 0 0 0
1495860900 0 0 0 0
1495860600 0 0 0 0
1495860300 0 0 0 0
1495860000 0 0 0 0
1495859700 0 0 0 0
1495859400 0 0 0 0
1495859100 0 0 0 0
1495858800 0 0 0 0
1495858500 0 0 0 0
1495858200 0 0 0 0
1495857900 0 0 0 0
1495857600 0 0 0 0
1495857300 0 0 0 0
1495857000 0 0 0 0
1495856700 0 0 0 0
1495856400 0 0 0 0
1495856100 0 0 0 0
1495855800 0 0 0 0
1495855500 0 0 0 0
1495855200 0 0 0 0
1495854900 0 0 0 0
1495854600 0 0 0 0
1495854300 0 0 0 0
1495854000 0 0 0 0
1495853700 0 0 0 0
1495853400 0 0 0 0
1495853100 0 0 0 0
1495852800 0 0 0 0
1495852500 0 0 0 0
1495852200 0 0 0 0
1495851900 0 0 0 0
1495851600 0 0 0 0
1495851300 0 0 0 0
1495851000 0 0 0 0
1495850700 0 0 0 0
1495850400 0 0 0 0
1495850100 0 0 0 0
1495849800 0 0 0 0
1495849500 0 0 0 0
1495849200 0 0 0 0
1495848900 0 0 0 0
1495848600 0 0 0 0
1495848300 0 0 0 0
1495848000 0 0 0 0
1495847700 0 0 0 0
1495847400 0 0 0 0
1495847100 0 0 0 0
1495846800 0 0 0 0
1495846500 0 0 0 0
1495846200 0 0 0 0
1495845900 0 0 0 0
1495845600 0 0 0 0
1495845300 0 0 0 0
1495845000 0 0 0 0
1495844700 0 0 0 0
1495844400 0 0 0 0
1495844100 0 0 0 0
1495843800 0 0 0 0
1495843500 0 0 0 0
1495843200 0 0 0 0
1495842900 0 0 0 0
1495842600 0 0 0 0
1495842300 0 0 0 0
1495842000 0 0 0 0
1495841700 0 0 0 0
1495841400 0 0 0 0
1495841100 0 0 0 0
1495840800 0 0 0 0
1495840500 0 0 0 0
1495840200 0 0 0 0
1495839900 0 0 0 0
1495839600 0 0 0 0
1495839300 0 0 0 0
1495839000 0 0 0 0
1495838700 0 0 0 0
1495838400 0 0 0 0
1495838100 0 0 0 0
1495837800 0 0 0 0
1495837500 0 0 0 0
1495837200 0 0 0 0
1495836900 0 0 0 0
1495836600 0 0 0 0
1495836300 0 0 0 0
1495836000 0 0 0 0
1495835700 0 0 0 0
1495835400 0 0 0 0
1495835100 0 0 0 0
1495834800 0 0 0 0
1495834500 0 0 0 0
1495834200 0 0 0 0
1495833900 0 0 0 0
1495833600 0 0 0 0
1495833300 0 0 0 0
1495833000 0 0 0 0
1495832700 0 0 0 0
1495832400 0 0 0 0
1495832100 0 0 0 0
1495831800 0 0 0 0
1495831500 0 0 0 0
1495831200 0 0 0 0
1495830900 0 0 0 0
1495830600 0 0 0 0
1495830300 0 0 0 0
1495830000 0 0 0 0
1495829700 0 0 0 0
1495829400 0 0 0 0
1495829100 0 0 0 0
1495828800 0 0 0 0
1495828500 0 0 0 0
1495828200 0 0 0 0
1495827900 0 0 0 0
1495827600 0 0 0 0
1495827300 0 0 0 0
1495827000 0 0 0 0
1495826700 0 0 0 0
1495826400 0 0 0 0
1495826100 0 0 0 0
1495825800 0 0 0 0
1495825500 0 0 0 0
1495825200 0 0 0 0
1495824900 0 0 0 0
1495824600 0 0 0 0
1495824300 0 0 0 0
1495824000 0 0 0 0
1495823700 0 0 0 0
1495823400 0 0 0 0
1495823100 0 0 0 0
1495822800 0 0 0 0
1495822500 0 0 0 0
1495822200 0 0 0 0
1495821900 0 0 0 0
1495821600 0 0 0 0
1495821300 0 0 0 0
1495821000 0 0 0 0
1495820700 0 0 0 0
1495820400 0 0 0 0
1495820100 0 0 0 0
1495819800 0 0 0 0
1495819500 0 0 0 0
1495819200 0 0 0 0
1495818900 0 0 0 0
1495818600 0 0 0 0
1495818300 0 0 0 0
1495818000 0 0 0 0
1495817700 0 0 0 0
1495817400 0 0 0 0
1495817100 0 0 0 0
1495816800 0 0 0 0
1495816500 0 0 0 0
1495816200 0 0 0 0
1495815900 0 0 0 0
1495815600 0 0 0 0
1495815300 0 0 0 0
1495815000 0 0 0 0
1495814700 0 0 0 0
1495814400 0 0 0 0
1495814100 0 0 0 0
1495813800 0 0 0 0
1495813500 0 0 0 0
1495813200 0 0 0 0
1495812900 0 0 0 0
1495812600 0 0 0 0
1495812300 0 0 0 0
1495812000 0 0 0 0
1495811700 0 0 0 0
1495811400 0 0 0 0
1495811100 0 0 0 0
1495810800 0 0 0 0
1495810500 0 0 0 0
1495810200 0 0 0 0
1495809900 0 0 0 0
1495809600 0 0 0 0
1495809300 0 0 0 0
1495809000 0 0 0 0
1495808700 0 0 0 0
1495808400 0 0 0 0
1495808100 0 0 0 0
1495807800 0 0 0 0
1495807500 0 0 0 0
1495807200 0 0 0 0
1495806900 0 0 0 0
1495806600 0 0 0 0
1495806300 0 0 0 0
1495806000 0 0 0 0
1495805700 0 0 0 0
1495805400 0 0 0 0
1495805100 0 0 0 0
1495804800 0 0 0 0
1495804500 0 0 0 0
1495804200 0 0 0 0
1495803900 0 0 0 0
1495803600 0 0 0 0
1495803300 0 0 0 0
1495803000 0 0 0 0
1495802700 0 0 0 0
1495802400 0 0 0 0
1495802100 0 0 0 0
1495801800 0 0 0 0
1495801500 0 0 0 0
1495801200 0 0 0 0
1495800900 0 0 0 0
1495800600 0 0 0 0
1495800300 0 0 0 0
1495800000 0 0 0 0
1495799700 0 0 0 0
1495799400 0 0 0 0
1495799100 0 0 0 0
1495798800 0 0 0 0
1495798500 0 0 0 0
1495798200 0 0 0 0
1495797900 0 0 0 0
1495797600 0 0 0 0
1495797300 0 0 0 0
1495797000 0 0 0 0
1495796700 0 0 0 0
1495796400 0 0 0 0
1495796100 0 0 0 0
1495795800 0 0 0 0
1495795500 0 0 0 0
1495795200 0 0 0 0
1495794900 0 0 0 0
1495794600 0 0 0 0
1495794300 0 0 0 0
1495794000 0 0 0 0
1495793700 0 0 0 0
1495793400 0 0 0 0
1495793100 0 0 0 0
1495792800 0 0 0 0
1495792500 0 0 0 0
1495792200 0 0 0 0
1495791900 0 0 0 0
1495791600 0 0 0 0
1495791300 0 0 0 0
1495791000 0 0 0 0
1495790700 0 0 0 0
1495790400 0 0 0 0
1495790100 0 0 0 0
1495789800 0 0 0 0
1495789500 0 0 0 0
1495789200 0 0 0 0
1495788900 0 0 0 0
1495788600 0 0 0 0
1495788300 0 0 0 0
1495788000 0 0 0 0
1495787700 0 0 0 0
1495787400 0 0 0 0
1495787100 0 0 0 0
1495786800 0 0 0 0
1495786500 0 0 0 0
1495786200 0 0 0 0
1495785900 0 0 0 0
1495785600 0 0 0 0
1495785300 0 0 0 0
1495785000 0 0 0 0
1495784700 0 0 0 0
1495784400 0 0 0 0
1495784100 0 0 0 0
1495783800 0 0 0 0
1495783500 0 0 0 0
1495783200 0 0 0 0
1495782900 0 0 0 0
1495782600 0 0 0 0
1495782300 0 0 0 0
1495782000 0 0 0 0
1495781700 0 0 0 0
1495781400 0 0 0 0
1495781100 0 0 0 0
1495780800 0 0 0 0
1495780500 0 0 0 0
1495780200 0 0 0 0
1495779900 0 0 0 0
1495779600 0 0 0 0
1495779300 0 0 0 0
1495779000 0 0 0 0
1495778700 0 0 0 0
1495778400 0 0 0 0
1495778100 0 0 0 0
1495777800 0 0 0 0
1495777500 0 0 0 0
1495777200 0 0 0 0
1495776900 0 0 0 0
1495776600 0 0 0 0
1495776300 0 0 0 0
1495776000 0 0 0 0
1495775700 0 0 0 0
1495775400 0 0 0 0
1495775100 0 0 0 0
1495774800 0 0 0 0
1495774500 0 0 0 0
1495774200 0 0 0 0
1495773900 0 0 0 0
1495773600 0 0 0 0
1495773300 0 0 0 0
1495773000 0 0 0 0
1495772700 0 0 0 0
1495772400 0 0 0 0
1495772100 0 0 0 0
1495771800 0 0 0 0
1495771500 0 0 0 0
1495771200 0 0 0 0
1495770900 0 0 0 0
1495770600 0 0 0 0
1495770300 0 0 0 0
1495770000 0 0 0 0
1495769700 0 0 0 0
1495769400 0 0 0 0
1495769100 0 0 0 0
1495768800 0 0 0 0
1495768500 0 0 0 0
1495768200 0 0 0 0
1495767900 0 0 0 0
1495767600 0 0 0 0
1495767300 0 0 0 0
1495767000 0 0 0 0
1495766700 0 0 0 0
1495766400 0 0 0 0
1495766100 0 0 0 0
1495765800 0 0 0 0
1495765500 0 0 0 0
1495765200 0 0 0 0
1495764900 0 0 0 0
1495764600 0 0 0 0
1495764300 0 0 0 0
1495764000 0 0 0 0
1495763700 0 0 0 0
1495763400 0 0 0 0
1495763100 0 0 0 0
1495762800 0 0 0 0
1495762500 0 0 0 0
1495762200 0 0 0 0
1495761900 0 0 0 0
1495761600 0 0 0 0
1495761300 0 0 0 0
1495761000 0 0 0 0
1495760700 0 0 0 0
1495760400 0 0 0 0
1495760100 0 0 0 0
1495759800 0 0 0 0
1495759500 0 0 0 0
1495759200 0 0 0 0
1495758900 0 0 0 0
1495758600 0 0 0 0
1495758300 0 0 0 0
1495758000 0 0 0 0
1495757700 0 0 0 0
1495757400 0 0 0 0
1495757100 0 0 0 0
1495756800 0 0 0 0
1495756500 0 0 0 0
1495756200 0 0 0 0
1495755900 0 0 0 0
1495755600 0 0 0 0
1495755300 0 0 0 0
1495755000 0 0 0 0
1495754700 0 0 0 0
1495754400 0 0 0 0
1495754100 0 0 0 0
1495753800 0 0 0 0
1495753500 0 0 0 0
1495753200 0 0 0 0
1495752900 0 0 0 0
1495752600 0 0 0 0
1495752300 0 0 0 0
1495752000 0 0 0 0
1495751700 0 0 0 0
1495751400 0 0 0 0
1495751100 0 0 0 0
1495750800 0 0 0 0
1495750500 0 0 0 0
1495750200 0 0 0 0
1495749900 0 0 0 0
1495749600 0 0 0 0
1495749300 0 0 0 0
1495749000 0 0 0 0
1495748700 0 0 0 0
1495748400 0 0 0 0
1495748100 0 0 0 0
1495747800 0 0 0 0
1495747500 0 0 0 0
1495747200 0 0 0 0
1495746900 0 0 0 0
1495746600 0 0 0 0
1495746300 0 0 0 0
1495746000 0 0 0 0
1495745700 0 0 0 0
1495745400 0 0 0 0
1495745100 0 0 0 0
1495744800 0 0 0 0
1495744500 0 0 0 0
1495744200 0 0 0 0
1495743900 0 0 0 0
1495743600 0 0 0 0
1495743300 0 0 0 0
1495743000 0 0 0 0
1495742700 0 0 0 0
1495742400 0 0 0 0
1495742100 0 0 0 0
1495741800 0 0 0 0
1495741500 0 0 0 0
1495741200 0 0 0 0
1495740900 0 0 0 0
1495740600 0 0 0 0
1495740300 0 0 0 0
1495740000 0 0 0 0
1495739700 0 0 0 0
1495739400 0 0 0 0
1495739100 0 0 0 0
1495738800 0 0 0 0
1495738500 0 0 0 0
1495738200 0 0 0 0
1495737900 0 0 0 0
1495737600 0 0 0 0
1495737300 0 0 0 0
1495737000 0 0 0 0
1495736700 0 0 0 0
1495736400 0 0 0 0
1495736100 0 0 0 0
1495735800 0 0 0 0
1495735500 0 0 0 0
1495735200 0 0 0 0
1495734900 0 0 0 0
1495734600 0 0 0 0
1495734300 0 0 0 0
1495734000 0 0 0 0
1495733700 0 0 0 0
1495733400 0 0 0 0
1495733100 0 0 0 0
1495732800 0 0 0 0
1495732500 0 0 0 0
1495732200 0 0 0 0
1495731900 0 0 0 0
1495731600 0 0 0 0
1495731300 0 0 0 0
1495731000 0 0 0 0
1495730700 0 0 0 0
1495730400 0 0 0 0
1495730100 0 0 0 0
1495729800 0 0 0 0
1495729500 0 0 0 0
1495729200 0 0 0 0
1495728900 0 0 0 0
1495728600 0 0 0 0
1495728300 0 0 0 0
1495728000 0 0 0 0
1495727700 0 0 0 0
1495727400 0 0 0 0
1495727100 0 0 0 0
1495726200 0 0 0 0
1495724400 0 0 0 0
1495722600 0 0 0 0
1495720800 0 0 0 0
1495719000 0 0 0 0
1495717200 0 0 0 0
1495715400 0 0 0 0
1495713600 0 0 0 0
1495711800 0 0 0 0
1495710000 0 0 0 0
1495708200 0 0 0 0
1495706400 0 0 0 0
1495704600 0 0 0 0
1495702800 0 0 0 0
1495701000 0 0 0 0
1495699200 0 0 0 0
1495697400 0 0 0 0
1495695600 0 0 0 0
1495693800 0 0 0 0
1495692000 0 0 0 0
1495690200 0 0 0 0
1495688400 0 0 0 0
1495686600 0 0 0 0
1495684800 0 0 0 0
1495683000 0 0 0 0
1495681200 0 0 0 0
1495679400 0 0 0 0
1495677600 0 0 0 0
1495675800 0 0 0 0
1495674000 0 0 0 0
1495672200 0 0 0 0
1495670400 0 0 0 0
1495668600 0 0 0 0
1495666800 0 0 0 0
1495665000 0 0 0 0
1495663200 0 0 0 0
1495661400 0 0 0 0
1495659600 0 0 0 0
1495657800 0 0 0 0
1495656000 0 0 0 0
1495654200 0 0 0 0
1495652400 0 0 0 0
1495650600 0 0 0 0
1495648800 0 0 0 0
1495647000 0 0 0 0
1495645200 0 0 0 0
1495643400 0 0 0 0
1495641600 0 0 0 0
1495639800 0 0 0 0
1495638000 0 0 0 0
1495636200 0 0 0 0
1495634400 0 0 0 0
1495632600 0 0 0 0
1495630800 0 0 0 0
1495629000 0 0 0 0
1495627200 0 0 0 0
1495625400 0 0 0 0
1495623600 0 0 0 0
1495621800 0 0 0 0
1495620000 0 0 0 0
1495618200 0 0 0 0
1495616400 0 0 0 0
1495614600 0 0 0 0
1495612800 0 0 0 0
1495611000 0 0 0 0
1495609200 0 0 0 0
1495607400 0 0 0 0
1495605600 0 0 0 0
1495603800 0 0 0 0
1495602000 0 0 0 0
1495600200 0 0 0 0
1495598400 0 0 0 0
1495596600 0 0 0 0
1495594800 0 0 0 0
1495593000 0 0 0 0
1495591200 0 0 0 0
1495589400 0 0 0 0
1495587600 0 0 0 0
1495585800 0 0 0 0
1495584000 0 0 0 0
1495582200 0 0 0 0
1495580400 0 0 0 0
1495578600 0 0 0 0
1495576800 0 0 0 0
1495575000 0 0 0 0
1495573200 0 0 0 0
1495571400 0 0 0 0
1495569600 0 0 0 0
1495567800 0 0 0 0
1495566000 0 0 0 0
1495564200 0 0 0 0
1495562400 0 0 0 0
1495560600 0 0 0 0
1495558800 0 0 0 0
1495557000 0 0 0 0
1495555200 0 0 0 0
1495553400 0 0 0 0
1495551600 0 0 0 0
1495549800 0 0 0 0
1495548000 0 0 0 0
1495546200 0 0 0 0
1495544400 0 0 0 0
1495542600 0 0 0 0
1495540800 0 0 0 0
1495539000 0 0 0 0
1495537200 0 0 0 0
1495535400 0 0 0 0
1495533600 0 0 0 0
1495531800 0 0 0 0
1495530000 0 0 0 0
1495528200 0 0 0 0
1495526400 0 0 0 0
1495524600 0 0 0 0
1495522800 0 0 0 0
1495521000 0 0 0 0
1495519200 0 0 0 0
1495517400 0 0 0 0
1495515600 0 0 0 0
1495513800 0 0 0 0
1495512000 0 0 0 0
1495510200 0 0 0 0
1495508400 0 0 0 0
1495506600 0 0 0 0
1495504800 0 0 0 0
1495503000 0 0 0 0
1495501200 0 0 0 0
1495499400 0 0 0 0
1495497600 0 0 0 0
1495495800 0 0 0 0
1495494000 0 0 0 0
1495492200 0 0 0 0
1495490400 0 0 0 0
1495488600 0 0 0 0
1495486800 0 0 0 0
1495485000 0 0 0 0
1495483200 0 0 0 0
1495481400 0 0 0 0
1495479600 0 0 0 0
1495477800 0 0 0 0
1495476000 0 0 0 0
1495474200 0 0 0 0
1495472400 0 0 0 0
1495470600 0 0 0 0
1495468800 0 0 0 0
1495467000 0 0 0 0
1495465200 0 0 0 0
1495463400 0 0 0 0
1495461600 0 0 0 0
1495459800 0 0 0 0
1495458000 0 0 0 0
1495456200 0 0 0 0
1495454400 0 0 0 0
1495452600 0 0 0 0
1495450800 0 0 0 0
1495449000 0 0 0 0
1495447200 0 0 0 0
1495445400 0 0 0 0
1495443600 0 0 0 0
1495441800 0 0 0 0
1495440000 0 0 0 0
1495438200 0 0 0 0
1495436400 0 0 0 0
1495434600 0 0 0 0
1495432800 0 0 0 0
1495431000 0 0 0 0
1495429200 0 0 0 0
1495427400 0 0 0 0
1495425600 0 0 0 0
1495423800 0 0 0 0
1495422000 0 0 0 0
1495420200 0 0 0 0
1495418400 0 0 0 0
1495416600 0 0 0 0
1495414800 0 0 0 0
1495413000 0 0 0 0
1495411200 0 0 0 0
1495409400 0 0 0 0
1495407600 0 0 0 0
1495405800 0 0 0 0
1495404000 0 0 0 0
1495402200 0 0 0 0
1495400400 0 0 0 0
1495398600 0 0 0 0
1495396800 0 0 0 0
1495395000 0 0 0 0
1495393200 0 0 0 0
1495391400 0 0 0 0
1495389600 0 0 0 0
1495387800 0 0 0 0
1495386000 0 0 0 0
1495384200 0 0 0 0
1495382400 0 0 0 0
1495380600 0 0 0 0
1495378800 0 0 0 0
1495377000 0 0 0 0
1495375200 0 0 0 0
1495373400 0 0 0 0
1495371600 0 0 0 0
1495369800 0 0 0 0
1495368000 0 0 0 0
1495366200 0 0 0 0
1495364400 0 0 0 0
1495362600 0 0 0 0
1495360800 0 0 0 0
1495359000 0 0 0 0
1495357200 0 0 0 0
1495355400 0 0 0 0
1495353600 0 0 0 0
1495351800 0 0 0 0
1495350000 0 0 0 0
1495348200 0 0 0 0
1495346400 0 0 0 0
1495344600 0 0 0 0
1495342800 0 0 0 0
1495341000 0 0 0 0
1495339200 0 0 0 0
1495337400 0 0 0 0
1495335600 0 0 0 0
1495333800 0 0 0 0
1495332000 0 0 0 0
1495330200 0 0 0 0
1495328400 0 0 0 0
1495326600 0 0 0 0
1495324800 0 0 0 0
1495323000 0 0 0 0
1495321200 0 0 0 0
1495319400 0 0 0 0
1495317600 0 0 0 0
1495315800 0 0 0 0
1495314000 0 0 0 0
1495312200 0 0 0 0
1495310400 0 0 0 0
1495308600 0 0 0 0
1495306800 0 0 0 0
1495305000 0 0 0 0
1495303200 0 0 0 0
1495301400 0 0 0 0
1495299600 0 0 0 0
1495297800 0 0 0 0
1495296000 0 0 0 0
1495294200 0 0 0 0
1495292400 0 0 0 0
1495290600 0 0 0 0
1495288800 0 0 0 0
1495287000 0 0 0 0
1495285200 0 0 0 0
1495283400 0 0 0 0
1495281600 0 0 0 0
1495279800 0 0 0 0
1495278000 0 0 0 0
1495276200 0 0 0 0
1495274400 0 0 0 0
1495272600 0 0 0 0
1495270800 0 0 0 0
1495269000 0 0 0 0
1495267200 0 0 0 0
1495265400 0 0 0 0
1495263600 0 0 0 0
1495261800 0 0 0 0
1495260000 0 0 0 0
1495258200 0 0 0 0
1495256400 0 0 0 0
1495254600 0 0 0 0
1495252800 0 0 0 0
1495251000 0 0 0 0
1495249200 0 0 0 0
1495247400 0 0 0 0
1495245600 0 0 0 0
1495243800 0 0 0 0
1495242000 0 0 0 0
1495240200 0 0 0 0
1495238400 0 0 0 0
1495236600 0 0 0 0
1495234800 0 0 0 0
1495233000 0 0 0 0
1495231200 0 0 0 0
1495229400 0 0 0 0
1495227600 0 0 0 0
1495225800 0 0 0 0
1495224000 0 0 0 0
1495222200 0 0 0 0
1495220400 0 0 0 0
1495218600 0 0 0 0
1495216800 0 0 0 0
1495215000 0 0 0 0
1495213200 0 0 0 0
1495211400 0 0 0 0
1495209600 0 0 0 0
1495207800 0 0 0 0
1495206000 0 0 0 0
1495204200 0 0 0 0
1495202400 0 0 0 0
1495200600 0 0 0 0
1495198800 0 0 0 0
1495197000 0 0 0 0
1495195200 0 0 0 0
1495193400 0 0 0 0
1495191600 0 0 0 0
1495189800 0 0 0 0
1495188000 0 0 0 0
1495186200 0 0 0 0
1495184400 0 0 0 0
1495182600 0 0 0 0
1495180800 0 0 0 0
1495179000 0 0 0 0
1495177200 0 0 0 0
1495175400 0 0 0 0
1495173600 0 0 0 0
1495171800 0 0 0 0
1495170000 0 0 0 0
1495168200 0 0 0 0
1495166400 0 0 0 0
1495164600 0 0 0 0
1495162800 0 0 0 0
1495161000 0 0 0 0
1495159200 0 0 0 0
1495157400 0 0 0 0
1495155600 0 0 0 0
1495153800 0 0 0 0
1495152000 0 0 0 0
1495150200 0 0 0 0
1495148400 0 0 0 0
1495146600 0 0 0 0
1495144800 0 0 0 0
1495143000 0 0 0 0
1495141200 0 0 0 0
1495139400 0 0 0 0
1495137600 0 0 0 0
1495135800 0 0 0 0
1495134000 0 0 0 0
1495132200 0 0 0 0
1495130400 0 0 0 0
1495128600 0 0 0 0
1495126800 0 0 0 0
1495125000 0 0 0 0
1495123200 0 0 0 0
1495121400 0 0 0 0
1495119600 0 0 0 0
1495117800 0 0 0 0
1495116000 0 0 0 0
1495114200 0 0 0 0
1495112400 0 0 0 0
1495110600 0 0 0 0
1495108800 0 0 0 0
1495107000 0 0 0 0
1495105200 0 0 0 0
1495103400 0 0 0 0
1495101600 0 0 0 0
1495099800 0 0 0 0
1495098000 0 0 0 0
1495096200 0 0 0 0
1495094400 0 0 0 0
1495092600 0 0 0 0
1495090800 0 0 0 0
1495089000 0 0 0 0
1495087200 0 0 0 0
1495085400 0 0 0 0
1495083600 0 0 0 0
1495081800 0 0 0 0
1495080000 0 0 0 0
1495078200 0 0 0 0
1495076400 0 0 0 0
1495074600 0 0 0 0
1495072800 0 0 0 0
1495071000 0 0 0 0
1495069200 0 0 0 0
1495067400 0 0 0 0
1495065600 0 0 0 0
1495063800 0 0 0 0
1495062000 0 0 0 0
1495060200 0 0 0 0
1495058400 0 0 0 0
1495056600 0 0 0 0
1495054800 0 0 0 0
1495053000 0 0 0 0
1495051200 0 0 0 0
1495049400 0 0 0 0
1495047600 0 0 0 0
1495045800 0 0 0 0
1495044000 0 0 0 0
1495042200 0 0 0 0
1495040400 0 0 0 0
1495038600 0 0 0 0
1495036800 0 0 0 0
1495035000 0 0 0 0
1495033200 0 0 0 0
1495031400 0 0 0 0
1495029600 0 0 0 0
1495027800 0 0 0 0
1495026000 0 0 0 0
1495024200 0 0 0 0
1495022400 0 0 0 0
1495020600 0 0 0 0
1495018800 0 0 0 0
1495017000 0 0 0 0
1495015200 0 0 0 0
1495013400 0 0 0 0
1495011600 0 0 0 0
1495009800 0 0 0 0
1495008000 0 0 0 0
1495006200 0 0 0 0
1495004400 0 0 0 0
1495002600 0 0 0 0
1495000800 0 0 0 0
1494999000 0 0 0 0
1494997200 0 0 0 0
1494995400 0 0 0 0
1494993600 0 0 0 0
1494991800 0 0 0 0
1494990000 0 0 0 0
1494988200 0 0 0 0
1494986400 0 0 0 0
1494984600 0 0 0 0
1494982800 0 0 0 0
1494981000 0 0 0 0
1494979200 0 0 0 0
1494977400 0 0 0 0
1494975600 0 0 0 0
1494973800 0 0 0 0
1494972000 0 0 0 0
1494970200 0 0 0 0
1494968400 0 0 0 0
1494966600 0 0 0 0
1494964800 0 0 0 0
1494963000 0 0 0 0
1494961200 0 0 0 0
1494959400 0 0 0 0
1494957600 0 0 0 0
1494955800 0 0 0 0
1494954000 0 0 0 0
1494952200 0 0 0 0
1494950400 0 0 0 0
1494948600 0 0 0 0
1494946800 0 0 0 0
1494945000 0 0 0 0
1494943200 0 0 0 0
1494941400 0 0 0 0
1494939600 0 0 0 0
1494937800 0 0 0 0
1494936000 0 0 0 0
1494934200 0 0 0 0
1494932400 0 0 0 0
1494930600 0 0 0 0
1494928800 0 0 0 0
1494927000 0 0 0 0
1494925200 0 0 0 0
1494923400 0 0 0 0
1494921600 0 0 0 0
1494919800 0 0 0 0
1494918000 0 0 0 0
1494916200 0 0 0 0
1494914400 0 0 0 0
1494912600 0 0 0 0
1494910800 0 0 0 0
1494909000 0 0 0 0
1494907200 0 0 0 0
1494905400 0 0 0 0
1494903600 0 0 0 0
1494901800 0 0 0 0
1494900000 0 0 0 0
1494898200 0 0 0 0
1494896400 0 0 0 0
1494894600 0 0 0 0
1494892800 0 0 0 0
1494891000 0 0 0 0
1494889200 0 0 0 0
1494887400 0 0 0 0
1494885600 0 0 0 0
1494883800 0 0 0 0
1494882000 0 0 0 0
1494880200 0 0 0 0
1494878400 0 0 0 0
1494876600 0 0 0 0
1494874800 0 0 0 0
1494873000 0 0 0 0
1494871200 0 0 0 0
1494869400 0 0 0 0
1494867600 0 0 0 0
1494865800 0 0 0 0
1494864000 0 0 0 0
1494862200 0 0 0 0
1494860400 0 0 0 0
1494858600 0 0 0 0
1494856800 0 0 0 0
1494855000 0 0 0 0
1494853200 0 0 0 0
1494851400 0 0 0 0
1494849600 0 0 0 0
1494847800 0 0 0 0
1494846000 0 0 0 0
1494844200 0 0 0 0
1494842400 0 0 0 0
1494840600 0 0 0 0
1494838800 0 0 0 0
1494837000 0 0 0 0
1494835200 0 0 0 0
1494833400 0 0 0 0
1494831600 0 0 0 0
1494829800 0 0 0 0
1494828000 0 0 0 0
1494826200 0 0 0 0
1494824400 0 0 0 0
1494822600 0 0 0 0
1494820800 0 0 0 0
1494819000 0 0 0 0
1494817200 0 0 0 0
1494815400 0 0 0 0
1494813600 0 0 0 0
1494811800 0 0 0 0
1494810000 0 0 0 0
1494808200 0 0 0 0
1494806400 0 0 0 0
1494804600 0 0 0 0
1494802800 0 0 0 0
1494801000 0 0 0 0
1494799200 0 0 0 0
1494797400 0 0 0 0
1494795600 0 0 0 0
1494793800 0 0 0 0
1494792000 0 0 0 0
1494790200 0 0 0 0
1494788400 0 0 0 0
1494786600 0 0 0 0
1494784800 0 0 0 0
1494783000 0 0 0 0
1494781200 0 0 0 0
1494779400 0 0 0 0
1494777600 0 0 0 0
1494775800 0 0 0 0
1494774000 0 0 0 0
1494772200 0 0 0 0
1494770400 0 0 0 0
1494768600 0 0 0 0
1494766800 0 0 0 0
1494765000 0 0 0 0
1494763200 0 0 0 0
1494761400 0 0 0 0
1494759600 0 0 0 0
1494757800 0 0 0 0
1494756000 0 0 0 0
1494754200 0 0 0 0
1494752400 0 0 0 0
1494750600 0 0 0 0
1494748800 0 0 0 0
1494747000 0 0 0 0
1494745200 0 0 0 0
1494743400 0 0 0 0
1494741600 0 0 0 0
1494739800 0 0 0 0
1494738000 0 0 0 0
1494736200 0 0 0 0
1494734400 0 0 0 0
1494732600 0 0 0 0
1494730800 0 0 0 0
1494729000 0 0 0 0
1494727200 0 0 0 0
1494725400 0 0 0 0
1494723600 0 0 0 0
1494721800 0 0 0 0
1494720000 0 0 0 0
1494718200 0 0 0 0
1494716400 0 0 0 0
1494714600 0 0 0 0
1494712800 0 0 0 0
1494711000 0 0 0 0
1494709200 0 0 0 0
1494707400 0 0 0 0
1494705600 0 0 0 0
1494703800 0 0 0 0
1494702000 0 0 0 0
1494700200 0 0 0 0
1494698400 0 0 0 0
1494696600 0 0 0 0
1494694800 0 0 0 0
1494693000 0 0 0 0
1494691200 0 0 0 0
1494689400 0 0 0 0
1494687600 0 0 0 0
1494685800 0 0 0 0
1494684000 0 0 0 0
1494682200 0 0 0 0
1494680400 0 0 0 0
1494678600 0 0 0 0
1494676800 0 0 0 0
1494675000 0 0 0 0
1494673200 0 0 0 0
1494671400 0 0 0 0
1494669600 0 0 0 0
1494667800 0 0 0 0
1494666000 0 0 0 0
1494664200 0 0 0 0
1494662400 0 0 0 0
1494660600 0 0 0 0
1494658800 0 0 0 0
1494657000 0 0 0 0
1494655200 0 0 0 0
1494653400 0 0 0 0
1494651600 0 0 0 0
1494649800 0 0 0 0
1494648000 0 0 0 0
1494646200 0 0 0 0
1494640800 0 0 0 0
1494633600 0 0 0 0
1494626400 0 0 0 0
1494619200 0 0 0 0
1494612000 0 0 0 0
1494604800 0 0 0 0
1494597600 0 0 0 0
1494590400 0 0 0 0
1494583200 0 0 0 0
1494576000 0 0 0 0
1494568800 0 0 0 0
1494561600 0 0 0 0
1494554400 0 0 0 0
1494547200 0 0 0 0
1494540000 0 0 0 0
1494532800 0 0 0 0
1494525600 0 0 0 0
1494518400 0 0 0 0
1494511200 0 0 0 0
1494504000 0 0 0 0
1494496800 0 0 0 0
1494489600 0 0 0 0
1494482400 0 0 0 0
1494475200 0 0 0 0
1494468000 0 0 0 0
1494460800 0 0 0 0
1494453600 0 0 0 0
1494446400 0 0 0 0
1494439200 0 0 0 0
1494432000 0 0 0 0
1494424800 0 0 0 0
1494417600 0 0 0 0
1494410400 0 0 0 0
1494403200 0 0 0 0
1494396000 0 0 0 0
1494388800 0 0 0 0
1494381600 0 0 0 0
1494374400 0 0 0 0
1494367200 0 0 0 0
1494360000 0 0 0 0
1494352800 0 0 0 0
1494345600 0 0 0 0
1494338400 0 0 0 0
1494331200 0 0 0 0
1494324000 0 0 0 0
1494316800 0 0 0 0
1494309600 0 0 0 0
1494302400 0 0 0 0
1494295200 0 0 0 0
1494288000 0 0 0 0
1494280800 0 0 0 0
1494273600 0 0 0 0
1494266400 0 0 0 0
1494259200 0 0 0 0
1494252000 0 0 0 0
1494244800 0 0 0 0
1494237600 0 0 0 0
1494230400 0 0 0 0
1494223200 0 0 0 0
1494216000 0 0 0 0
1494208800 0 0 0 0
1494201600 0 0 0 0
1494194400 0 0 0 0
1494187200 0 0 0 0
1494180000 0 0 0 0
1494172800 0 0 0 0
1494165600 0 0 0 0
1494158400 0 0 0 0
1494151200 0 0 0 0
1494144000 0 0 0 0
1494136800 0 0 0 0
1494129600 0 0 0 0
1494122400 0 0 0 0
1494115200 0 0 0 0
1494108000 0 0 0 0
1494100800 0 0 0 0
1494093600 0 0 0 0
1494086400 0 0 0 0
1494079200 0 0 0 0
1494072000 0 0 0 0
1494064800 0 0 0 0
1494057600 0 0 0 0
1494050400 0 0 0 0
1494043200 0 0 0 0
1494036000 0 0 0 0
1494028800 0 0 0 0
1494021600 0 0 0 0
1494014400 0 0 0 0
1494007200 0 0 0 0
1494000000 0 0 0 0
1493992800 0 0 0 0
1493985600 0 0 0 0
1493978400 0 0 0 0
1493971200 0 0 0 0
1493964000 0 0 0 0
1493956800 0 0 0 0
1493949600 0 0 0 0
1493942400 0 0 0 0
1493935200 0 0 0 0
1493928000 0 0 0 0
1493920800 0 0 0 0
1493913600 0 0 0 0
1493906400 0 0 0 0
1493899200 0 0 0 0
1493892000 0 0 0 0
1493884800 0 0 0 0
1493877600 1417122 567964 30319842 8230479
1493870400 12712907 9133495 47364020 10414287
1493863200 19274911 9390084 51202525 10374830
1493856000 16349305 8348138 47824709 9399273
1493848800 17310084 8783398 52164097 9613458
1493841600 15055288 8777108 56766786 9765722
1493834400 19639528 8303893 53488364 9143168
1493827200 18441397 8604495 51178927 10623604
1493820000 13784196 7890744 47362926 9072951
1493812800 9325761 6821036 42446469 8172285
1493805600 10571561 5789892 17085383 6606294
1493798400 12097647 5806421 16048741 6238706
1493791200 11343559 7042195 30549585 8204790
1493784000 12671734 8832171 47351562 9853304
1493776800 17833278 9675338 49019551 10166854
1493769600 15895801 8307998 47772912 9412324
1493762400 16458907 10485058 57806527 12577055
1493755200 12882648 10379168 60766244 13186375
1493748000 17083887 8000630 64331892 11266644
1493740800 17298772 8314983 54670833 9397210
1493733600 14659606 7913860 46310519 10358055
1493726400 11483849 7084389 42975193 8572282
1493719200 9954289 5759871 14434383 6530237
1493712000 11646776 6049404 18523198 6512778
1493704800 10638485 7091556 33513393 8227662
1493697600 14832000 8973375 49991533 10011530
1493690400 20010011 9242445 51591200 10123155
1493683200 21159062 9050859 52254820 9930679
1493676000 21288447 9088320 53225413 10456790
1493668800 17752383 8905307 51738774 9623306
1493661600 14291145 9098701 46033264 10243945
1493654400 13807844 8201090 44532259 9354180
1493647200 11312741 6571944 40858296 7786081
1493640000 11297160 4924614 21844636 6052939
1493632800 11209858 4686662 12739903 5124726
1493625600 9978326 5115882 22464370 5994895
1493618400 13802115 6667539 41950590 7821125
1493611200 17723193 8094871 50548765 8954068
1493604000 20426027 8571447 52866615 9375435
1493596800 16626376 8888868 48438471 9859453
1493589600 16604223 8805419 47347132 10541739
1493582400 14097234 7826309 45746562 9200553
1493575200 9986533 8060279 41714008 12060154
1493568000 11536745 7939164 42674932 9186468
1493560800 12437743 7318300 41962630 8571971
1493553600 10086088 5616468 21178930 6685927
1493546400 9411905 5719903 12535713 6161962
1493539200 11804758 6692495 21126892 7843277
1493532000 11855476 7794256 39187567 8288808
1493524800 15128049 8459752 47388185 9186528
1493517600 16268992 8624368 48472409 9568287
1493510400 13944596 8165406 45030479 9422798
1493503200 14929833 8236237 46646807 8898156
1493496000 13416294 8360608 46189789 8920084
1493488800 10236666 9109623 42032119 10549051
1493481600 12212034 9026221 43806776 9776616
1493474400 11879391 8294664 41606762 9195801
1493467200 10709023 6424359 28492748 7453649
1493460000 10057527 5784349 11485586 6527607
1493452800 13396308 6182162 18420698 6798187
1493445600 12928207 7099401 35562060 7961646
1493438400 12652594 7948691 46837872 9226902
1493431200 16887936 8742727 50600674 9607690
1493424000 15408321 8183019 45720918 9276290
1493416800 19331428 8645849 52237382 10189248
1493409600 12287151 9667896 56646538 11250986
1493402400 13547773 10478620 53689217 11792835
1493395200 15989408 9956905 47080118 12569576
1493388000 14376046 8382579 46058361 9267209
1493380800 12810440 7364986 40979127 9928727
1493373600 11235679 6319072 15961808 7080897
1493366400 12081630 6402778 16499902 7252117
1493359200 10100192 7299132 29688848 8188349
1493352000 13701713 8728425 49007553 11043382
1493344800 19227759 9359008 53302933 9981254
1493337600 18615317 9080443 50083010 10203349
1493330400 14917869 8965080 55740870 10162747
1493323200 15285868 9936907 69573290 37399004
1493316000 16639773 10866558 55619252 48097814
1493308800 18195086 9262451 51593440 10515340
1493301600 14511157 8404559 47030149 9586360
1493294400 12147068 6948677 40762798 8090868
1493287200 10639937 6146578 14328884 6926387
1493280000 11502661 6033433 15793681 6861677
1493272800 8251554 7881724 50346796 38904456
1493265600 8198598 2132696 11148445 2319974
1493258400 10445853 2108983 12130760 2434999
1493251200 9809911 1524885 11347282 2194937
1493244000 10902725 1738609 13279628 2162065
1493236800 9994573 1666599 10696916 2801833
1493229600 11151234 1608424 12676103 1819034
1493222400 8494605 1622082 10876073 2001044
1493215200 8367817 1033136 9346661 1589519
1493208000 5368589 1157516 7417866 1942493
1493200800 1790693 1625101 2731363 1833704
1493193600 1574169 1717898 2185437 2051315
1493186400 4748156 1825268 7326356 2288127
1493179200 8173982 2119511 11370716 2515421
1493172000 10090143 2355668 11678450 2625853
1493164800 9581600 1806911 10668637 2717761
1493157600 9911366 1650683 11206176 2334959
1493150400 11494078 1491375 13643721 1797727
1493143200 10725160 1487004 12062924 1767698
1493136000 9019473 1654111 11343778 1993705
1493128800 9647704 1869421 10913514 2261019
1493121600 6656976 1744693 9477037 2245561
1493114400 2120961 1763182 3492081 2161941
1493107200 1738973 1850562 2310067 2026646
1493100000 3599202 1804551 5625269 2022954
1493092800 8800373 2126628 12144348 2679926
1493085600 11291149 2179483 12674991 2377639
1493078400 10136569 2249677 14936852 5961598
1493071200 9407267 47 13433060 56
1493064000 10503846 47 12343917 56
1493056800 11008870 47 12853372 68
1493049600 8992788 47 11492825 58
1493042400 9010063 48 11435894 68
1493035200 5779494 48 8682067 59
1493028000 2314464 47 3923602 52
1493020800 1842598 47 2718063 60
1493013600 4396397 47 8069952 58
1493006400 10075174 47 14027181 60
1492999200 13740454 48 14808562 58
1492992000 12798727 48 14528729 58
1492984800 11737981 48 14248841 64
1492977600 10286483 48 12285988 57
1492970400 9464071 47 10859956 55
1492963200 7851980 46 11182057 57
1492956000 5060027 47 6873463 56
1492948800 2713082 48 5048992 63
1492941600 2101230 48 2783535 59
1492934400 2610972 47 3839849 56
1492927200 6352798 47 10195348 58
1492920000 10133952 47 11571255 57
1492912800 8923890 46 11331707 55
1492905600 7251509 47 9240272 55
1492898400 6934390 46 9092531 58
1492891200 8151801 47 9589999 55
1492884000 6417476 46 7791596 53
1492876800 6536734 47 7762969 54
1492869600 6204374 48 8287338 109
1492862400 3266750 46 4842635 66
1492855200 1654355 47 2673018 55
1492848000 2980105 47 5377831 54
1492840800 6313065 46 8687334 56
1492833600 10787979 47 12962366 59
1492826400 9805127 47 12107155 54
1492819200 8233847 46 9767434 54
1492812000 8514909 47 10153378 55
1492804800 9607865 48 11383077 56
1492797600 8675518 47 12602917 55
1492790400 8907793 47 10296550 58
1492783200 6984067 47 8565320 55
1492776000 5393172 46 7263786 55
1492768800 2378312 47 3935107 56
1492761600 2917850 46 4039001 54
1492754400 5348444 48 7082142 61
1492747200 8671191 47 11186503 59
1492740000 9186927 46 10571317 52
1492732800 9957371 48 12800178 55
1492725600 7704083 48 11542726 55
1492718400 8198226 49 10159721 60
1492711200 7831777 49 9532346 56
1492704000 6894488 46 9033835 55
1492696800 5982748 46 7366600 56
1492689600 4817496 47 7061981 60
1492682400 1636106 48 2817341 57
1492675200 2242726 47 3597464 53
1492668000 3671647 46 5514086 57
1492660800 7822431 48 9086044 58
1492653600 9683790 47 10892510 53
1492646400 9176459 47 10100731 55
1492639200 10220071 47 12748972 56
1492632000 11447809 46 13149819 52
1492624800 9423602 48 10839386 59
1492617600 9928764 47 11721339 58
1492610400 7869377 47 11135973 56
1492603200 4795268 47 6464547 59
1492596000 3055059 46 4970082 56
1492588800 3891423 47 5940932 56
1492581600 7037268 48 9777201 55
1492574400 11306245 47 13582458 57
1492567200 10656362 47 12300804 55
1492560000 9806407 46 12011442 56
1492552800 9012532 48 10682819 70
1492545600 8629015 49 10582089 59
1492538400 9258572 47 11314664 54
1492531200 7199648 47 8633362 64
1492524000 6345940 49 7298456 57
1492516800 4985698 48 7502301 57
1492509600 2590041 49 3543859 62
1492502400 3270471 49 4712702 63
1492495200 5033217 49 6958848 60
1492488000 8020530 160 9611050 14195
1492480800 8449893 48 10306913 60
1492473600 6582901 49 8088574 56
1492466400 5968994 47 6729791 58
1492459200 8115040 47 9359063 56
1492452000 8008212 48 9598072 55
1492444800 6900085 47 8093634 55
1492437600 7735880 47 9651437 57
1492430400 5395646 46 7218736 54
1492423200 2008472 48 3247525 54
1492416000 2124341 47 3310327 52
1492408800 3997094 47 6755444 54
1492401600 8565504 47 9956919 55
1492394400 9471861 47 10651037 58
1492387200 9026604 47 10706927 60
1492380000 9476846 46 10480683 55
1492372800 7943242 47 9691074 53
1492365600 6807461 47 8359569 54
1492358400 7021214 47 8042669 56
1492351200 7128839 46 8249659 56
1492344000 3604186 47 5835178 54
1492336800 2188940 46 2888915 53
1492329600 4103462 48 5884458 56
1492322400 6963462 47 9985333 54
1492315200 10190502 47 11828639 54
1492308000 9370658 48 10639559 55
1492300800 9060253 48 10605537 56
1492293600 8513832 47 10024766 58
1492286400 8795540 47 10690613 58
1492279200 6491906 48 7635124 58
1492272000 7455545 47 9098833 57
1492264800 6652305 46 8548400 54
1492257600 3903536 48 5897649 56
1492250400 1968450 48 3006581 56
1492243200 3780642 47 6448511 53
1492236000 8402287 47 11046837 57
1492228800 10515993 52 11888056 205
1492221600 9901870 47 11504323 57
1492214400 8960717 48 10016569 57
1492207200 8548742 47 10100480 54
1492200000 7951234 47 9759291 53
1492192800 6522172 47 8183839 60
1492185600 7914635 49 9095695 59
1492178400 7458180 50 9143791 64
1492171200 4447116 49 6997947 58
1492164000 2422024 49 3689419 60
1492156800 2847520 50 4207205 65
1492149600 5785186 49 8313695 59
1492142400 9685926 47 11656065 56
1492135200 9109722 46 10618169 53
1492128000 7851551 46 9686265 54
1492120800 7163897 47 8133244 58
1492113600 8407828 47 9848971 53
1492106400 8020379 47 9998600 55
1492099200 6954029 47 8469087 55
1492092000 6955969 47 8121923 58
1492084800 5326267 47 7921300 61
1492077600 1856096 47 3290485 58
1492070400 2568688 47 3893035 67
1492063200 3552868 47 4562550 55
1492056000 6529107 97 8440795 1562
1492048800 8183197 47 9994282 58
1492041600 6800019 47 8131413 62
1492034400 7317833 48 8528529 63
1492027200 7877961 47 9273284 57
1492020000 7357668 48 9001972 58
1492012800 6682590 47 7937704 58
1492005600 6333764 49 8461853 58
1491998400 5535055 48 8282317 63
1491991200 2173653 47 3650649 59
1491984000 2983412 48 4269999 61
1491976800 4039298 47 5586610 62
1491969600 7070854 48 8589303 62
1491962400 7900747 48 8526748 58
1491955200 7768865 47 9097790 58
1491948000 7414092 50 9435155 60
1491940800 8694438 50 10125004 59
1491933600 7890836 49 9632327 61
1491926400 7858896 48 9422983 55
1491919200 7322767 50 17867893 62
1491912000 5182200 49 7037581 63
1491904800 2046119 48 3211542 55
1491897600 2581221 48 3214887 64
1491890400 4212265 47 6244430 58
1491883200 7481331 48 9399323 61
1491876000 7854051 48 9039852 58
1491868800 7116011 48 8549847 60
1491861600 7309790 47 8819251 59
1491854400 7684029 49 9016284 59
1491847200 7598857 48 9155586 56
1491840000 6762111 47 12353515 56
1491832800 6083354 48 15908041 60
1491825600 3364550 48 5463575 58
1491818400 827167 47 1372837 58
1491811200 1706937 49 2375248 61
1491804000 3133726 48 4519168 56
1491796800 5556799 47 7328889 57
1491789600 6464077 47 7721544 57
1491782400 4708462 47 6594272 55
1491775200 4543894 48 5680632 64
1491768000 5017497 47 6099912 57
1491760800 3633494 47 4740685 52
1491753600 4208702 48 5452686 57
1491746400 4143509 47 5404103 56
1491739200 2241707 47 4281304 57
1491732000 1859233 47 2920949 56
1491724800 2310361 47 2870338 56
1491717600 3961773 47 5591089 56
1491710400 6529851 49 7750914 57
1491703200 6655536 47 7499033 58
1491696000 5143788 48 6209873 55
1491688800 5324850 47 6581580 64
1491681600 5610580 48 6916750 60
1491674400 3449207 48 5157203 68
1491667200 3384969 48 4400016 56
1491660000 3814115 47 5334863 55
1491652800 3064735 47 4890202 57
1491645600 2042887 47 3624313 55
1491638400 2869983 47 3794568 56
1491631200 3263668 47 4280266 58
1491624000 5090942 47 6817351 56
1491616800 5464720 47 6736921 52
1491609600 5462545 47 6483885 59
1491602400 5554252 48 7506444 58
1491595200 6766683 48 7964553 55
1491588000 6579099 47 7806263 52
1491580800 5926262 47 8155469 53
1491573600 5162346 48 6225813 56
1491566400 4157406 47 5699870 58
1491559200 1935433 47 2703293 58
1491552000 1852923 47 3055999 60
1491544800 2929016 47 5030558 55
1491537600 5529890 47 7196231 61
1491530400 6327446 47 7149459 58
1491523200 5140023 47 6545199 58
1491516000 5233684 315657 7366888 1872294
1491508800 623930 62517 4105533 1088137
1491501600 19 47 30 59
1491494400 20 48 34 57
1491487200 18 47 31 54
1491480000 18 47 28 56
1491472800 19 47 26 59
1491465600 19 47 62 58
1491458400 19 48 31 61
1491451200 19 48 29 53
1491444000 18 47 27 57
1491436800 20 48 31 58
1491429600 19 47 44 58
1491422400 19 47 29 56
1491415200 18 47 26 56
1491408000 19 47 27 57
1491400800 20 48 26 57
1491393600 18 47 24 56
1491386400 19 47 59 55
1491379200 18 48 43 56
1491372000 22 49 43 60
1491364800 22 49 38 57
1491357600 21 49 40 58
1491350400 19 47 29 56
1491343200 41 49 497 139
1491336000 18 47 33 58
1491328800 19 47 29 60
1491321600 19 47 26 54
1491314400 18 47 25 56
1491307200 19 71 31 762
1491300000 18 47 26 57
1491292800 20 47 34 58
1491285600 22 48 56 81
1491278400 20 49 36 61
1491271200 18 52 33 188
1491264000 18 47 28 58
1491256800 19 47 30 57
1491249600 18 47 35 57
1491242400 18 49 87 710
1491235200 21 67 87 710
1491228000 18 47 26 55
1491220800 19 48 31 56
1491213600 18 47 25 55
1491206400 19 48 31 58
1491199200 19 47 43 58
1491192000 20 47 38 57
1491184800 19 47 42 57
1491177600 21 47 60 61
1491170400 18 47 36 56
1491163200 18 47 26 56
1491156000 18 46 25 56
1491148800 18 47 28 59
1491141600 18 47 26 56
1491134400 18 47 37 57
1491127200 19 47 28 59
1491120000 17 47 26 57
1491112800 19 47 26 57
1491105600 19 47 32 55
1491098400 18 47 28 57
1491091200 18 47 26 57
1491084000 19 47 27 58
1491076800 18 48 26 68
1491069600 20 48 28 57
1491062400 21 48 28 55
1491055200 18 47 25 55
1491048000 20 48 28 60
1491040800 20 48 29 57
1491033600 18 48 27 54
1491026400 17 47 26 55
1491019200 20 47 52 58
1491012000 21 48 31 58
1491004800 21 49 32 57
1490997600 19 47 33 59
1490990400 21 49 29 59
1490983200 20 48 35 56
1490976000 22 49 38 61
1490968800 21 48 32 59
1490961600 20 48 28 57
1490954400 19 47 34 56
1490947200 19 47 25 57
1490940000 19 47 30 56
1490932800 18 47 26 55
1490925600 18 47 35 57
1490918400 19 48 37 56
1490911200 19 47 33 55
1490904000 19 47 31 59
1490896800 19 47 31 55
1490889600 20 48 27 59
1490882400 20 48 37 62
1490875200 18 47 36 55
1490868000 19 47 25 56
1490860800 18 47 26 55
1490853600 19 47 27 61
1490846400 18 47 27 57
1490839200 19 527 49 14708
1490832000 19 47 32 59
1490824800 19 47 34 56
1490817600 18 47 26 57
1490810400 20 48 35 58
1490803200 21 48 39 57
1490796000 21 48 36 57
1490788800 19 47 30 59
1490781600 18 47 24 57
1490774400 18 47 26 56
1490767200 18 47 28 55
1490760000 19 47 40 57
1490752800 18 49 41 96
1490745600 18 47 33 58
1490738400 20 50 39 131
1490731200 19 48 44 58
1490724000 19 49 31 112
1490716800 19 47 41 62
1490709600 19 47 37 58
1490702400 21 48 33 58
1490695200 18 47 23 55
1490688000 18 47 29 57
1490680800 18 47 25 54
1490673600 18 48 28 56
1490666400 19 48 38 59
1490659200 18 47 39 58
1490652000 18 47 26 60
1490644800 19 49 33 92
1490637600 18 53 32 236
1490630400 19 62 32 488
1490623200 19 52 31 134
1490616000 19 47 29 56
1490608800 19 47 25 57
1490601600 18 47 25 60
1490594400 19 47 36 57
1490587200 18 47 26 59
1490580000 18 47 23 55
1490572800 18 47 25 55
1490565600 18 47 26 58
1490558400 18 47 25 54
1490551200 19 47 32 60
1490544000 20 48 35 57
1490536800 22 49 130 173
1490529600 19 47 60 56
1490522400 18 47 42 57
1490515200 18 47 26 56
1490508000 17 47 25 56
1490500800 18 47 28 55
1490493600 19 47 28 55
1490486400 18 47 26 55
1490479200 19 48 31 57
1490472000 18 47 24 57
1490464800 19 47 27 58
1490457600 19 48 28 59
1490450400 17 47 26 57
1490443200 18 47 25 57
1490436000 18 47 29 58
1490428800 17 47 29 62
1490421600 21 64 42 346
1490414400 19 67 34 427
1490407200 18 47 28 55
1490400000 18 47 35 58
1490392800 18 47 31 58
1490385600 19 48 27 55
1490378400 19 47 24 55
1490371200 18 48 26 55
1490364000 18 47 26 55
1490356800 19 47 27 56
1490349600 18 47 27 56
1490342400 18 47 40 58
1490335200 19 46 26 55
1490328000 18 47 26 56
1490320800 19 48 41 57
1490313600 17 46 46 58
1490227200 17 46 154 90
1490140800 16 54 307 4110
1490054400 13 43 65 56
1489968000 13 43 35 56
1489881600 13 43 19 54
1489795200 13 43 26 57
1489708800 13 43 41 53
1489622400 13 43 20 54
1489536000 13 43 30 65
1489449600 14 43 19 145
1489363200 13 43 27 56
1489276800 12 42 17 52
1489190400 12 42 30 107
1489104000 11 42 22 52
1489017600 11 42 20 51
1488931200 11 42 43 55
1488844800 11 42 29 52
1488758400 11 42 29 54
1488672000 11 42 26 52
1488585600 11 42 54 63
1488499200 12 42 27 73
1488412800 11 42 29 52
1488326400 11 52 27 4262
1488240000 12 42 20 52
1488153600 12 42 16 58
1488067200 11 42 25 52
1487980800 11 42 25 53
1487894400 11 42 55 1080
1487808000 11 42 24 52
1487721600 11 41 53 380
1487635200 11 42 19 53
1487548800 11 42 23 52
1487462400 11 42 26 67
1487376000 11 42 23 121
1487289600 11 42 19 51
1487203200 11 42 24 62
1487116800 11 42 30 52
1487030400 11 42 35 669
1486944000 11 42 16 53
1486857600 12 42 52 50
1486771200 11 42 35 115
1486684800 12 44 22 124
1486598400 11 42 26 52
1486512000 11 42 22 52
1486425600 11 42 25 50
1486339200 11 42 21 50
1486252800 11 42 27 51
1486166400 11 41 24 51
1486080000 11 42 24 52
1485993600 11 42 22 51
1485907200 11 42 25 50
1485820800 11 42 23 50
1485734400 11 42 20 50
1485648000 11 42 29 127
1485561600 11 42 29 112
1485475200 11 42 24 50
1485388800 12 42 22 120
1485302400 11 42 53 99
1485216000 11 42 16 51
1485129600 11 42 20 50
1485043200 12 42 17 49
1484956800 11 42 21 50
1484870400 11 42 29 50
1484784000 11 42 55 50
1484697600 11 42 22 101
1484611200 11 42 22 58
1484524800 11 42 21 49
1484438400 11 42 21 50
1484352000 11 14655 165 1992946
1484265600 12 42 19 49
1484179200 12 42 33 1260
1484092800 11 42 18 49
1484006400 12 42 19 48
1483920000 11 42 20 48
1483833600 11 42 26 49
1483747200 2 10 484 101
1483660800 0 0 0 0
1483574400 0 0 0 0
1483488000 0 0 0 0
1483401600 0 0 0 0
1483315200 0 0 0 0
1483228800 0 0 0 0
1483142400 0 0 0 0
1483056000 0 0 0 0
1482969600 0 0 0 0
1482883200 0 0 0 0
1482796800 0 0 0 0
1482710400 0 0 0 0
1482624000 0 0 0 0
1482537600 0 0 0 0
1482451200 0 0 0 0
1482364800 0 0 0 0
1482278400 0 0 0 0
1482192000 0 0 0 0
1482105600 0 0 0 0
1482019200 0 0 0 0
1481932800 0 0 0 0
1481846400 0 0 0 0
1481760000 0 0 0 0
1481673600 0 0 0 0
1481587200 0 0 0 0
1481500800 0 0 0 0
1481414400 0 0 0 0
1481328000 0 0 0 0
1481241600 0 0 0 0
1481155200 0 0 0 0
1481068800 0 0 0 0
1480982400 0 0 0 0
1480896000 0 0 0 0
1480809600 0 0 0 0
1480723200 0 0 0 0
1480636800 0 0 0 0
1480550400 0 0 0 0
1480464000 0 0 0 0
1480377600 0 0 0 0
1480291200 0 0 0 0
1480204800 0 0 0 0
1480118400 0 0 0 0
1480032000 0 0 0 0
1479945600 0 0 0 0
1479859200 0 0 0 0
1479772800 0 0 0 0
1479686400 0 0 0 0
1479600000 0 0 0 0
1479513600 0 0 0 0
1479427200 0 0 0 0
1479340800 0 0 0 0
1479254400 0 0 0 0
1479168000 0 0 0 0
1479081600 0 0 0 0
1478995200 0 0 0 0
1478908800 0 0 0 0
1478822400 0 0 0 0
1478736000 0 0 0 0
1478649600 0 0 0 0
1478563200 0 0 0 0
1478476800 0 0 0 0
1478390400 0 0 0 0
1478304000 0 0 0 0
1478217600 0 0 0 0
1478131200 0 0 0 0
1478044800 0 0 0 0
1477958400 0 0 0 0
1477872000 0 0 0 0
1477785600 0 0 0 0
1477699200 0 0 0 0
1477612800 0 0 0 0
1477526400 0 0 0 0
1477440000 0 0 0 0
1477353600 0 0 0 0
1477267200 0 0 0 0
1477180800 0 0 0 0
1477094400 0 0 0 0
1477008000 0 0 0 0
1476921600 0 0 0 0
1476835200 0 0 0 0
1476748800 0 0 0 0
1476662400 0 0 0 0
1476576000 0 0 0 0
1476489600 0 0 0 0
1476403200 0 0 0 0
1476316800 0 0 0 0
1476230400 0 0 0 0
1476144000 0 0 0 0
1476057600 0 0 0 0
1475971200 0 0 0 0
1475884800 0 0 0 0
1475798400 0 0 0 0
1475712000 0 0 0 0
1475625600 0 0 0 0
1475539200 0 0 0 0
1475452800 0 0 0 0
1475366400 0 0 0 0
1475280000 0 0 0 0
1475193600 0 0 0 0
1475107200 0 0 0 0
1475020800 0 0 0 0
1474934400 0 0 0 0
1474848000 0 0 0 0
1474761600 0 0 0 0
1474675200 0 0 0 0
1474588800 0 0 0 0
1474502400 0 0 0 0
1474416000 0 0 0 0
1474329600 0 0 0 0
1474243200 0 0 0 0
1474156800 0 0 0 0
1474070400 0 0 0 0
1473984000 0 0 0 0
1473897600 0 0 0 0
1473811200 0 0 0 0
1473724800 0 0 0 0
1473638400 0 0 0 0
1473552000 0 0 0 0
1473465600 0 0 0 0
1473379200 0 0 0 0
1473292800 0 0 0 0
1473206400 0 0 0 0
1473120000 0 0 0 0
1473033600 0 0 0 0
1472947200 0 0 0 0
1472860800 0 0 0 0
1472774400 0 0 0 0
1472688000 0 0 0 0
1472601600 0 0 0 0
1472515200 0 0 0 0
1472428800 0 0 0 0
1472342400 0 0 0 0
1472256000 0 0 0 0
1472169600 0 0 0 0
1472083200 0 0 0 0
1471996800 0 0 0 0
1471910400 0 0 0 0
1471824000 0 0 0 0
1471737600 0 0 0 0
1471651200 0 0 0 0
1471564800 0 0 0 0
1471478400 0 0 0 0
1471392000 0 0 0 0
1471305600 0 0 0 0
1471219200 0 0 0 0
1471132800 0 0 0 0
1471046400 0 0 0 0
1470960000 0 0 0 0
1470873600 0 0 0 0
1470787200 0 0 0 0
1470700800 0 0 0 0
1470614400 0 0 0 0
1470528000 0 0 0 0
1470441600 0 0 0 0
1470355200 0 0 0 0
1470268800 0 0 0 0
1470182400 0 0 0 0
1470096000 0 0 0 0
1470009600 0 0 0 0
1469923200 0 0 0 0
1469836800 0 0 0 0
1469750400 0 0 0 0
1469664000 0 0 0 0
1469577600 0 0 0 0
1469491200 0 0 0 0
1469404800 0 0 0 0
1469318400 0 0 0 0
1469232000 0 0 0 0
1469145600 0 0 0 0
1469059200 0 0 0 0
1468972800 0 0 0 0
1468886400 0 0 0 0
1468800000 0 0 0 0
1468713600 0 0 0 0
1468627200 0 0 0 0
1468540800 0 0 0 0
1468454400 0 0 0 0
1468368000 0 0 0 0
1468281600 0 0 0 0
1468195200 0 0 0 0
1468108800 0 0 0 0
1468022400 0 0 0 0
1467936000 0 0 0 0
1467849600 0 0 0 0
1467763200 0 0 0 0
1467676800 0 0 0 0
1467590400 0 0 0 0
1467504000 0 0 0 0
1467417600 0 0 0 0
1467331200 0 0 0 0
1467244800 0 0 0 0
1467158400 0 0 0 0
1467072000 0 0 0 0
1466985600 0 0 0 0
1466899200 0 0 0 0
1466812800 0 0 0 0
1466726400 0 0 0 0
1466640000 0 0 0 0
1466553600 0 0 0 0
1466467200 0 0 0 0
1466380800 0 0 0 0
1466294400 0 0 0 0
1466208000 0 0 0 0
1466121600 0 0 0 0
1466035200 0 0 0 0
1465948800 0 0 0 0
1465862400 0 0 0 0
1465776000 0 0 0 0
1465689600 0 0 0 0
1465603200 0 0 0 0
1465516800 0 0 0 0
1465430400 0 0 0 0
1465344000 0 0 0 0
1465257600 0 0 0 0
1465171200 0 0 0 0
1465084800 0 0 0 0
1464998400 0 0 0 0
1464912000 0 0 0 0
1464825600 0 0 0 0
1464739200 0 0 0 0
1464652800 0 0 0 0
1464566400 0 0 0 0
1464480000 0 0 0 0
1464393600 0 0 0 0
1464307200 0 0 0 0
1464220800 0 0 0 0
1464134400 0 0 0 0
1464048000 0 0 0 0
1463961600 0 0 0 0
1463875200 0 0 0 0
1463788800 0 0 0 0
1463702400 0 0 0 0
1463616000 0 0 0 0
1463529600 0 0 0 0
1463443200 0 0 0 0
1463356800 0 0 0 0
1463270400 0 0 0 0
1463184000 0 0 0 0
1463097600 0 0 0 0
1463011200 0 0 0 0
1462924800 0 0 0 0
1462838400 0 0 0 0
1462752000 0 0 0 0
1462665600 0 0 0 0
1462579200 0 0 0 0
1462492800 0 0 0 0
1462406400 0 0 0 0
1462320000 0 0 0 0
1462233600 0 0 0 0
1462147200 0 0 0 0
1462060800 0 0 0 0
1461974400 0 0 0 0
1461888000 0 0 0 0
1461801600 0 0 0 0
1461715200 0 0 0 0
1461628800 0 0 0 0
1461542400 0 0 0 0
1461456000 0 0 0 0
1461369600 0 0 0 0
1461283200 0 0 0 0
1461196800 0 0 0 0
1461110400 0 0 0 0
1461024000 0 0 0 0
1460937600 0 0 0 0
1460851200 0 0 0 0
1460764800 0 0 0 0
1460678400 0 0 0 0
1460592000 0 0 0 0
1460505600 0 0 0 0
1460419200 0 0 0 0
1460332800 0 0 0 0
1460246400 0 0 0 0
1460160000 0 0 0 0
1460073600 0 0 0 0
1459987200 0 0 0 0
1459900800 0 0 0 0
1459814400 0 0 0 0
1459728000 0 0 0 0
1459641600 0 0 0 0
1459555200 0 0 0 0
1459468800 0 0 0 0
1459382400 0 0 0 0
1459296000 0 0 0 0
1459209600 0 0 0 0
1459123200 0 0 0 0
1459036800 0 0 0 0
1458950400 0 0 0 0
1458864000 0 0 0 0
1458777600 0 0 0 0
1458691200 0 0 0 0
1458604800 0 0 0 0
1458518400 0 0 0 0
1458432000 0 0 0 0
1458345600 0 0 0 0
1458259200 0 0 0 0
1458172800 0 0 0 0
1458086400 0 0 0 0
1458000000 0 0 0 0
1457913600 0 0 0 0
1457827200 0 0 0 0
1457740800 0 0 0 0
1457654400 0 0 0 0
1457568000 0 0 0 0
1457481600 0 0 0 0
1457395200 0 0 0 0
1457308800 0 0 0 0
1457222400 0 0 0 0
1457136000 0 0 0 0
1457049600 0 0 0 0
1456963200 0 0 0 0
1456876800 0 0 0 0
1456790400 0 0 0 0
1456704000 0 0 0 0
1456617600 0 0 0 0
1456531200 0 0 0 0
1456444800 0 0 0 0
1456358400 0 0 0 0
1456272000 0 0 0 0
1456185600 0 0 0 0
1456099200 0 0 0 0
1456012800 0 0 0 0
1455926400 0 0 0 0
1455840000 0 0 0 0
1455753600 0 0 0 0
1455667200 0 0 0 0
1455580800 0 0 0 0
1455494400 0 0 0 0
1455408000 0 0 0 0
1455321600 0 0 0 0
1455235200 0 0 0 0
1455148800 0 0 0 0
1455062400 0 0 0 0
1454976000 0 0 0 0
1454889600 0 0 0 0
1454803200 0 0 0 0
1454716800 0 0 0 0
1454630400 0 0 0 0
1454544000 0 0 0 0
1454457600 0 0 0 0
1454371200 0 0 0 0
1454284800 0 0 0 0
1454198400 0 0 0 0
1454112000 0 0 0 0
1454025600 0 0 0 0
1453939200 0 0 0 0
1453852800 0 0 0 0
1453766400 0 0 0 0
1453680000 0 0 0 0
1453593600 0 0 0 0
1453507200 0 0 0 0
1453420800 0 0 0 0
1453334400 0 0 0 0
1453248000 0 0 0 0
1453161600 0 0 0 0
1453075200 0 0 0 0
1452988800 0 0 0 0
1452902400 0 0 0 0
1452816000 0 0 0 0
1452729600 0 0 0 0
1452643200 0 0 0 0
1452556800 0 0 0 0
1452470400 0 0 0 0
1452384000 0 0 0 0
1452297600 0 0 0 0
1452211200 0 0 0 0
1452124800 0 0 0 0
1452038400 0 0 0 0
1451952000 0 0 0 0
1451865600 0 0 0 0
1451779200 0 0 0 0
1451692800 0 0 0 0
1451606400 0 0 0 0
1451520000 0 0 0 0
1451433600 0 0 0 0
1451347200 0 0 0 0
1451260800 0 0 0 0
1451174400 0 0 0 0
1451088000 0 0 0 0
1451001600 0 0 0 0
1450915200 0 0 0 0
1450828800 0 0 0 0
1450742400 0 0 0 0
1450656000 0 0 0 0
1450569600 0 0 0 0
1450483200 0 0 0 0
1450396800 0 0 0 0
1450310400 0 0 0 0
1450224000 0 0 0 0
1450137600 0 0 0 0
1450051200 0 0 0 0
1449964800 0 0 0 0
1449878400 0 0 0 0
1449792000 0 0 0 0
1449705600 0 0 0 0
1449619200 0 0 0 0
1449532800 0 0 0 0
1449446400 0 0 0 0
1449360000 0 0 0 0
1449273600 0 0 0 0
1449187200 0 0 0 0
1449100800 0 0 0 0
1449014400 0 0 0 0
1448928000 0 0 0 0
1448841600 0 0 0 0
1448755200 0 0 0 0
1448668800 0 0 0 0
1448582400 0 0 0 0
1448496000 0 0 0 0
1448409600 0 0 0 0
1448323200 0 0 0 0
1448236800 0 0 0 0
1448150400 0 0 0 0
1448064000 0 0 0 0
1447977600 0 0 0 0
1447891200 0 0 0 0
1447804800 0 0 0 0
1447718400 0 0 0 0
1447632000 0 0 0 0
1447545600 0 0 0 0
1447459200 0 0 0 0
1447372800 0 0 0 0
1447286400 0 0 0 0
1447200000 0 0 0 0
1447113600 0 0 0 0
1447027200 0 0 0 0
1446940800 0 0 0 0
1446854400 0 0 0 0
1446768000 0 0 0 0
1446681600 0 0 0 0
1446595200 0 0 0 0
1446508800 0 0 0 0
1446422400 0 0 0 0
1446336000 0 0 0 0
1446249600 0 0 0 0
1446163200 0 0 0 0
1446076800 0 0 0 0
1445990400 0 0 0 0
1445904000 0 0 0 0
1445817600 0 0 0 0
1445731200 0 0 0 0
1445644800 0 0 0 0
1445558400 0 0 0 0
1445472000 0 0 0 0
1445385600 0 0 0 0
1445299200 0 0 0 0
1445212800 0 0 0 0
1445126400 0 0 0 0
1445040000 0 0 0 0
1444953600 0 0 0 0
1444867200 0 0 0 0
1444780800 0 0 0 0
1444694400 0 0 0 0
1444608000 0 0 0 0
1444521600 0 0 0 0
1444435200 0 0 0 0
1444348800 0 0 0 0
1444262400 0 0 0 0
1444176000 0 0 0 0
1444089600 0 0 0 0
1444003200 0 0 0 0
1443916800 0 0 0 0
1443830400 0 0 0 0
1443744000 0 0 0 0
1443657600 0 0 0 0
1443571200 0 0 0 0
1443484800 0 0 0 0
1443398400 0 0 0 0
1443312000 0 0 0 0
1443225600 0 0 0 0
1443139200 0 0 0 0
1443052800 0 0 0 0
1442966400 0 0 0 0
1442880000 0 0 0 0
1442793600 0 0 0 0
1442707200 0 0 0 0
1442620800 0 0 0 0
1442534400 0 0 0 0
1442448000 0 0 0 0
1442361600 0 0 0 0
1442275200 0 0 0 0
1442188800 0 0 0 0
1442102400 0 0 0 0
1442016000 0 0 0 0
1441929600 0 0 0 0
1441843200 0 0 0 0
1441756800 0 0 0 0
1441670400 0 0 0 0
1441584000 0 0 0 0
1441497600 0 0 0 0
1441411200 0 0 0 0
1441324800 0 0 0 0
1441238400 0 0 0 0
1441152000 0 0 0 0
1441065600 0 0 0 0
1440979200 0 0 0 0
1440892800 0 0 0 0
1440806400 0 0 0 0
1440720000 0 0 0 0
1440633600 0 0 0 0
1440547200 0 0 0 0
1440460800 0 0 0 0
1440374400 0 0 0 0
1440288000 0 0 0 0
1440201600 0 0 0 0
1440115200 0 0 0 0
1440028800 0 0 0 0
1439942400 0 0 0 0
1439856000 0 0 0 0
1439769600 0 0 0 0
1439683200 0 0 0 0
1439596800 0 0 0 0
1439510400 0 0 0 0
1439424000 0 0 0 0
1439337600 0 0 0 0
1439251200 0 0 0 0
1439164800 0 0 0 0
1439078400 0 0 0 0
1438992000 0 0 0 0
1438905600 0 0 0 0
1438819200 0 0 0 0
1438732800 0 0 0 0
1438646400 0 0 0 0
1438560000 0 0 0 0
1438473600 0 0 0 0
1438387200 0 0 0 0
1438300800 0 0 0 0
1438214400 0 0 0 0
1438128000 0 0 0 0
1438041600 0 0 0 0
1437955200 0 0 0 0
1437868800 0 0 0 0
1437782400 0 0 0 0
1437696000 0 0 0 0
1437609600 0 0 0 0
1437523200 0 0 0 0
1437436800 0 0 0 0
1437350400 0 0 0 0
1437264000 0 0 0 0
1437177600 0 0 0 0
1437091200 0 0 0 0
1437004800 0 0 0 0
1436918400 0 0 0 0
1436832000 0 0 0 0
1436745600 0 0 0 0
1436659200 0 0 0 0
1436572800 0 0 0 0
1436486400 0 0 0 0
1436400000 0 0 0 0
1436313600 0 0 0 0
1436227200 0 0 0 0
1436140800 0 0 0 0
1436054400 0 0 0 0
1435968000 0 0 0 0
1435881600 0 0 0 0
1435795200 0 0 0 0
1435708800 0 0 0 0
1435622400 0 0 0 0
1435536000 0 0 0 0
1435449600 0 0 0 0
1435363200 0 0 0 0
1435276800 0 0 0 0
1435190400 0 0 0 0
1435104000 0 0 0 0
1435017600 0 0 0 0
1434931200 0 0 0 0
1434844800 0 0 0 0
1434758400 0 0 0 0
1434672000 0 0 0 0
1434585600 0 0 0 0
1434499200 0 0 0 0
1434412800 0 0 0 0
1434326400 0 0 0 0
1434240000 0 0 0 0
1434153600 0 0 0 0
1434067200 0 0 0 0
1433980800 0 0 0 0
1433894400 0 0 0 0
1433808000 0 0 0 0
1433721600 0 0 0 0
1433635200 0 0 0 0
1433548800 0 0 0 0
1433462400 0 0 0 0
1433376000 0 0 0 0
1433289600 0 0 0 0
1433203200 0 0 0 0
1433116800 0 0 0 0
1433030400 0 0 0 0
1432944000 0 0 0 0
1432857600 0 0 0 0
1432771200 0 0 0 0
1432684800 0 0 0 0
1432598400 0 0 0 0
1432512000 0 0 0 0
1432425600 0 0 0 0
1432339200 0 0 0 0
1432252800 0 0 0 0
1432166400 0 0 0 0
1432080000 0 0 0 0
1431993600 0 0 0 0
1431907200 0 0 0 0
1431820800 0 0 0 0
1431734400 0 0 0 0
1431648000 0 0 0 0
1431561600 0 0 0 0
1431475200 0 0 0 0
1431388800 0 0 0 0
1431302400 0 0 0 0
1431216000 0 0 0 0
1431129600 0 0 0 0
1431043200 0 0 0 0
1430956800 0 0 0 0
1430870400 0 0 0 0
1430784000 0 0 0 0
1430697600 0 0 0 0
1430611200 0 0 0 0
1430524800 0 0 0 0
1430438400 0 0 0 0
1430352000 0 0 0 0
1430265600 0 0 0 0
1430179200 0 0 0 0
1430092800 0 0 0 0
1430006400 0 0 0 0
1429920000 0 0 0 0
1429833600 0 0 0 0
1429747200 0 0 0 0
1429660800 0 0 0 0
1429574400 0 0 0 0
1429488000 0 0 0 0
1429401600 0 0 0 0
1429315200 0 0 0 0
1429228800 0 0 0 0
1429142400 0 0 0 0
1429056000 0 0 0 0
1428969600 0 0 0 0
1428883200 0 0 0 0
1428796800 0 0 0 0
1428710400 0 0 0 0
1428624000 0 0 0 0
1428537600 0 0 0 0
1428451200 0 0 0 0
1428364800 0 0 0 0
1428278400 0 0 0 0
1428192000 0 0 0 0
1428105600 0 0 0 0
1428019200 0 0 0 0
1427932800 0 0 0 0
1427846400 0 0 0 0
1427760000 0 0 0 0
1427673600 0 0 0 0
1427587200 0 0 0 0
1427500800 0 0 0 0
1427414400 0 0 0 0
1427328000 0 0 0 0
1427241600 0 0 0 0
1427155200 0 0 0 0
